<?xml version="1.0" encoding="UTF-8"?>
<testsuite xmlns:xsi="http://www.w3.org/2001/XMLSchema-instance" xsi:noNamespaceSchemaLocation="https://maven.apache.org/surefire/maven-surefire-plugin/xsd/surefire-test-report.xsd" name="Euler006Test" time="0.004" tests="3" errors="0" skipped="0" failures="0">
  <properties>
[...]
</properties>
  <testcase name="testSmallNumbers" classname="Euler006Test" time="0"/>
  <testcase name="testActualProblem" classname="Euler006Test" time="0"/>
  <testcase name="testExampleFromProblem" classname="Euler006Test" time="0.003"/>
</testsuite>