SF:/Users/mandyarthur/Library/Python/3.9/lib/python/site-packages/_pytest/__init__.py
DA:1,1
DA:3,1
DA:4,1
LF:3
LH:3
end_of_record
SF:/Users/mandyarthur/Library/Python/3.9/lib/python/site-packages/_pytest/_argcomplete.py
DA:64,1
DA:65,1
DA:66,1
DA:67,1
DA:68,1
DA:69,1
DA:70,1
DA:73,1
DA:76,1
DA:77,0
DA:79,1
DA:81,0
DA:82,0
DA:84,0
DA:85,0
DA:86,0
DA:87,0
DA:89,0
DA:90,0
DA:91,0
DA:92,0
DA:93,0
DA:94,0
DA:95,0
DA:97,0
DA:98,0
DA:101,1
DA:102,0
DA:103,0
DA:104,0
DA:105,0
DA:106,0
DA:108,0
DA:109,0
DA:113,1
DA:114,1
DA:116,1
LF:37
LH:14
FN:76,77,FastFilesCompleter.__init__
FNDA:0,FastFilesCompleter.__init__
FN:79,98,FastFilesCompleter.__call__
FNDA:0,FastFilesCompleter.__call__
FN:108,109,try_argcomplete
FNDA:0,try_argcomplete
FNF:3
FNH:0
end_of_record
SF:/Users/mandyarthur/Library/Python/3.9/lib/python/site-packages/_pytest/_code/__init__.py
DA:2,1
DA:3,1
DA:4,1
DA:5,1
DA:6,1
DA:7,1
DA:8,1
DA:9,1
DA:10,1
DA:12,1
LF:10
LH:10
end_of_record
SF:/Users/mandyarthur/Library/Python/3.9/lib/python/site-packages/_pytest/_code/code.py
DA:1,1
DA:2,1
DA:3,1
DA:4,1
DA:5,1
DA:6,1
DA:7,1
DA:8,1
DA:9,1
DA:10,1
DA:11,1
DA:12,1
DA:13,1
DA:14,1
DA:15,1
DA:16,1
DA:17,1
DA:18,1
DA:19,1
DA:20,1
DA:21,1
DA:22,1
DA:23,1
DA:24,1
DA:25,1
DA:26,1
DA:27,1
DA:28,1
DA:29,1
DA:30,1
DA:31,1
DA:32,1
DA:33,1
DA:35,1
DA:37,1
DA:38,1
DA:39,1
DA:40,1
DA:41,1
DA:42,1
DA:43,1
DA:44,1
DA:45,1
DA:46,1
DA:47,1
DA:48,1
DA:49,1
DA:51,1
DA:52,0
DA:53,0
DA:54,0
DA:56,0
DA:58,1
DA:59,1
DA:62,1
DA:65,1
DA:67,1
DA:68,1
DA:70,1
DA:71,1
DA:72,1
DA:74,1
DA:75,0
DA:78,1
DA:80,1
DA:81,1
DA:82,1
DA:84,1
DA:85,1
DA:86,0
DA:88,1
DA:89,1
DA:92,1
DA:93,0
DA:94,1
DA:95,1
DA:97,1
DA:98,0
DA:99,1
DA:100,0
DA:103,0
DA:105,1
DA:106,1
DA:108,0
DA:109,0
DA:111,1
DA:114,0
DA:116,1
DA:123,0
DA:124,0
DA:125,0
DA:126,0
DA:127,0
DA:128,0
DA:131,1
DA:135,1
DA:137,1
DA:138,0
DA:140,1
DA:141,1
DA:142,0
DA:144,1
DA:145,1
DA:146,0
DA:148,1
DA:149,1
DA:150,0
DA:152,1
DA:153,1
DA:154,0
DA:156,1
DA:157,1
DA:159,0
DA:160,0
DA:161,0
DA:163,1
DA:170,0
DA:171,0
DA:172,0
DA:174,1
DA:176,0
DA:178,1
DA:184,0
DA:185,0
DA:186,0
DA:187,0
DA:188,0
DA:189,0
DA:190,0
DA:193,1
DA:196,1
DA:198,1
DA:203,0
DA:204,0
DA:206,1
DA:209,0
DA:211,1
DA:212,1
DA:213,0
DA:215,1
DA:216,1
DA:217,0
DA:219,1
DA:220,1
DA:221,0
DA:223,1
DA:224,0
DA:226,1
DA:227,1
DA:229,0
DA:230,0
DA:231,0
DA:233,1
DA:234,1
DA:236,0
DA:238,1
DA:239,1
DA:241,0
DA:243,1
DA:244,0
DA:246,1
DA:252,0
DA:253,0
DA:254,0
DA:255,0
DA:256,0
DA:257,0
DA:258,0
DA:259,0
DA:260,0
DA:261,0
DA:262,0
DA:265,0
DA:266,0
DA:268,0
DA:269,0
DA:270,0
DA:272,1
DA:274,1
DA:283,0
DA:286,0
DA:291,0
DA:292,0
DA:293,0
DA:294,0
DA:296,0
DA:297,0
DA:298,0
DA:299,0
DA:301,1
DA:302,0
DA:303,0
DA:304,0
DA:305,0
DA:306,0
DA:307,0
DA:308,0
DA:312,0
DA:319,1
DA:320,1
DA:322,0
DA:325,1
DA:328,1
DA:333,0
DA:335,0
DA:336,0
DA:337,0
DA:338,0
DA:339,0
DA:341,0
DA:343,0
DA:345,1
DA:361,0
DA:362,0
DA:363,0
DA:364,0
DA:365,0
DA:366,0
DA:367,0
DA:368,0
DA:373,0
DA:374,0
DA:375,0
DA:376,0
DA:377,0
DA:378,0
DA:379,0
DA:381,1
DA:382,1
DA:383,0
DA:385,1
DA:386,1
DA:387,0
DA:389,1
DA:392,0
DA:393,0
DA:395,0
DA:397,1
DA:414,0
DA:415,0
DA:417,0
DA:418,0
DA:420,1
DA:423,0
DA:424,0
DA:429,0
DA:431,0
DA:432,0
DA:433,0
DA:434,0
DA:435,0
DA:436,0
DA:437,0
DA:438,0
DA:439,0
DA:442,1
DA:445,1
DA:446,1
DA:447,1
DA:450,1
DA:452,1
DA:453,1
DA:454,1
DA:456,1
DA:464,1
DA:465,1
DA:466,1
DA:467,1
DA:469,1
DA:470,1
DA:492,0
DA:495,0
DA:496,0
DA:498,1
DA:499,1
DA:505,0
DA:506,0
DA:507,0
DA:508,0
DA:509,0
DA:510,0
DA:511,0
DA:513,0
DA:515,1
DA:516,1
DA:530,0
DA:531,0
DA:532,0
DA:533,0
DA:534,0
DA:535,0
DA:537,1
DA:538,1
DA:540,1
DA:542,1
DA:544,1
DA:545,1
DA:547,1
DA:548,1
DA:550,0
DA:553,0
DA:555,1
DA:556,1
DA:558,0
DA:561,0
DA:563,1
DA:564,1
DA:566,0
DA:569,0
DA:571,1
DA:572,1
DA:574,0
DA:577,0
DA:579,1
DA:580,1
DA:582,0
DA:583,0
DA:584,0
DA:586,1
DA:587,1
DA:588,0
DA:590,1
DA:591,0
DA:592,0
DA:593,0
DA:597,1
DA:605,0
DA:606,0
DA:607,0
DA:608,0
DA:609,0
DA:610,0
DA:611,0
DA:613,1
DA:620,0
DA:622,1
DA:625,0
DA:626,0
DA:627,0
DA:628,0
DA:629,0
DA:630,0
DA:631,0
DA:633,1
DA:680,0
DA:681,0
DA:692,0
DA:701,0
DA:703,1
DA:709,0
DA:710,0
DA:711,0
DA:712,0
DA:713,0
DA:714,0
DA:716,0
DA:719,1
DA:720,1
DA:724,1
DA:725,1
DA:727,1
DA:728,1
DA:729,1
DA:730,1
DA:731,1
DA:732,1
DA:733,1
DA:734,1
DA:738,1
DA:740,0
DA:741,0
DA:742,0
DA:743,0
DA:744,0
DA:745,0
DA:746,0
DA:747,0
DA:748,0
DA:749,0
DA:750,0
DA:751,0
DA:753,1
DA:754,0
DA:755,0
DA:756,0
DA:757,0
DA:759,1
DA:760,0
DA:761,0
DA:762,0
DA:763,0
DA:764,0
DA:765,0
DA:767,1
DA:775,0
DA:776,0
DA:777,0
DA:778,0
DA:781,0
DA:782,0
DA:783,0
DA:784,0
DA:785,0
DA:787,0
DA:788,0
DA:789,0
DA:790,0
DA:791,0
DA:792,0
DA:793,0
DA:794,0
DA:795,0
DA:797,1
DA:803,0
DA:804,0
DA:806,0
DA:807,0
DA:808,0
DA:809,0
DA:810,0
DA:811,0
DA:812,0
DA:814,1
DA:815,0
DA:816,0
DA:817,0
DA:818,0
DA:819,0
DA:820,0
DA:821,0
DA:822,0
DA:827,0
DA:828,0
DA:830,0
DA:832,0
DA:837,0
DA:838,0
DA:840,1
DA:845,0
DA:846,0
DA:851,0
DA:852,0
DA:853,0
DA:854,0
DA:855,0
DA:857,0
DA:858,0
DA:859,0
DA:860,0
DA:861,0
DA:862,0
DA:863,0
DA:865,0
DA:866,0
DA:867,0
DA:868,0
DA:869,0
DA:870,0
DA:871,0
DA:872,0
DA:873,0
DA:874,0
DA:876,0
DA:877,0
DA:878,0
DA:880,1
DA:881,0
DA:882,0
DA:883,0
DA:884,0
DA:885,0
DA:886,0
DA:887,0
DA:888,0
DA:890,1
DA:891,0
DA:892,0
DA:893,0
DA:894,0
DA:895,0
DA:897,0
DA:898,0
DA:900,0
DA:902,0
DA:903,0
DA:904,0
DA:905,0
DA:906,0
DA:908,0
DA:909,0
DA:910,0
DA:911,0
DA:913,0
DA:917,0
DA:919,1
DA:934,0
DA:935,0
DA:936,0
DA:937,0
DA:938,0
DA:951,0
DA:953,0
DA:954,0
DA:955,0
DA:957,0
DA:959,0
DA:961,1
DA:964,0
DA:967,0
DA:968,0
DA:969,0
DA:970,0
DA:971,0
DA:972,0
DA:974,0
DA:978,0
DA:979,0
DA:989,0
DA:990,0
DA:994,0
DA:997,0
DA:998,0
DA:1000,0
DA:1001,0
DA:1002,0
DA:1003,0
DA:1004,0
DA:1007,0
DA:1008,0
DA:1009,0
DA:1011,0
DA:1012,0
DA:1013,0
DA:1016,1
DA:1017,1
DA:1018,1
DA:1021,0
DA:1022,0
DA:1023,0
DA:1024,0
DA:1026,1
DA:1027,0
DA:1029,1
DA:1030,0
DA:1034,1
DA:1035,1
DA:1037,1
DA:1038,1
DA:1039,1
DA:1043,1
DA:1044,0
DA:1046,1
DA:1047,0
DA:1048,0
DA:1049,0
DA:1052,1
DA:1053,1
DA:1054,1
DA:1056,1
DA:1064,0
DA:1068,0
DA:1070,1
DA:1071,0
DA:1072,0
DA:1073,0
DA:1074,0
DA:1075,0
DA:1076,0
DA:1079,1
DA:1080,1
DA:1081,1
DA:1082,1
DA:1084,1
DA:1085,0
DA:1086,0
DA:1089,1
DA:1090,1
DA:1091,1
DA:1092,1
DA:1093,1
DA:1095,1
DA:1097,1
DA:1099,0
DA:1100,0
DA:1101,0
DA:1102,0
DA:1103,0
DA:1104,0
DA:1105,0
DA:1110,0
DA:1112,0
DA:1113,0
DA:1116,1
DA:1117,1
DA:1118,0
DA:1119,0
DA:1120,0
DA:1123,1
DA:1124,1
DA:1125,1
DA:1127,1
DA:1129,1
DA:1130,0
DA:1133,1
DA:1134,1
DA:1135,1
DA:1136,1
DA:1137,1
DA:1138,1
DA:1139,1
DA:1141,1
DA:1155,0
DA:1156,0
DA:1161,0
DA:1162,0
DA:1163,0
DA:1164,0
DA:1165,0
DA:1166,0
DA:1167,0
DA:1168,0
DA:1170,0
DA:1171,0
DA:1173,0
DA:1174,0
DA:1176,0
DA:1177,0
DA:1179,0
DA:1182,0
DA:1183,0
DA:1185,1
DA:1186,0
DA:1187,0
DA:1188,0
DA:1189,0
DA:1190,0
DA:1191,0
DA:1192,0
DA:1194,0
DA:1195,0
DA:1197,0
DA:1199,0
DA:1200,0
DA:1201,0
DA:1202,0
DA:1203,0
DA:1204,0
DA:1205,0
DA:1207,1
DA:1208,0
DA:1213,1
DA:1214,1
DA:1215,1
DA:1216,1
DA:1217,1
DA:1219,1
DA:1220,0
DA:1222,1
DA:1225,0
DA:1226,0
DA:1227,0
DA:1228,0
DA:1229,0
DA:1230,0
DA:1233,1
DA:1234,1
DA:1235,1
DA:1237,1
DA:1238,0
DA:1239,0
DA:1242,1
DA:1243,1
DA:1244,1
DA:1246,1
DA:1247,0
DA:1248,0
DA:1249,0
DA:1250,0
DA:1251,0
DA:1252,0
DA:1253,0
DA:1254,0
DA:1256,0
DA:1257,0
DA:1259,0
DA:1260,0
DA:1261,0
DA:1262,0
DA:1265,1
DA:1275,1
DA:1276,1
DA:1277,0
DA:1279,1
DA:1280,1
DA:1281,0
DA:1282,0
DA:1283,0
DA:1284,0
DA:1285,0
DA:1287,0
DA:1288,0
DA:1289,0
DA:1290,0
DA:1291,0
DA:1292,0
DA:1293,0
DA:1294,0
DA:1296,1
DA:1304,1
DA:1306,1
DA:1307,1
DA:1308,1
DA:1311,1
DA:1322,0
DA:1323,0
DA:1324,0
DA:1325,0
DA:1329,0
DA:1331,0
DA:1332,0
DA:1333,0
DA:1334,0
DA:1335,0
DA:1337,0
LF:724
LH:263
FN:67,68,Code.__init__
FNDA:1,Code.__init__
FN:71,72,Code.from_function
FNDA:1,Code.from_function
FN:74,75,Code.__eq__
FNDA:0,Code.__eq__
FN:81,82,Code.firstlineno
FNDA:1,Code.firstlineno
FN:85,86,Code.name
FNDA:0,Code.name
FN:89,103,Code.path
FNDA:1,Code.path
FN:106,109,Code.fullsource
FNDA:0,Code.fullsource
FN:111,114,Code.source
FNDA:0,Code.source
FN:116,128,Code.getargs
FNDA:0,Code.getargs
FN:137,138,Frame.__init__
FNDA:0,Frame.__init__
FN:141,142,Frame.lineno
FNDA:0,Frame.lineno
FN:145,146,Frame.f_globals
FNDA:0,Frame.f_globals
FN:149,150,Frame.f_locals
FNDA:0,Frame.f_locals
FN:153,154,Frame.code
FNDA:0,Frame.code
FN:157,161,Frame.statement
FNDA:0,Frame.statement
FN:163,172,Frame.eval
FNDA:0,Frame.eval
FN:174,176,Frame.repr
FNDA:0,Frame.repr
FN:178,190,Frame.getargs
FNDA:0,Frame.getargs
FN:198,204,TracebackEntry.__init__
FNDA:0,TracebackEntry.__init__
FN:206,209,TracebackEntry.with_repr_style
FNDA:0,TracebackEntry.with_repr_style
FN:212,213,TracebackEntry.lineno
FNDA:0,TracebackEntry.lineno
FN:216,217,TracebackEntry.frame
FNDA:0,TracebackEntry.frame
FN:220,221,TracebackEntry.relline
FNDA:0,TracebackEntry.relline
FN:223,224,TracebackEntry.__repr__
FNDA:0,TracebackEntry.__repr__
FN:227,231,TracebackEntry.statement
FNDA:0,TracebackEntry.statement
FN:234,236,TracebackEntry.path
FNDA:0,TracebackEntry.path
FN:239,241,TracebackEntry.locals
FNDA:0,TracebackEntry.locals
FN:243,244,TracebackEntry.getfirstlinesource
FNDA:0,TracebackEntry.getfirstlinesource
FN:246,270,TracebackEntry.getsource
FNDA:0,TracebackEntry.getsource
FN:274,299,TracebackEntry.ishidden
FNDA:0,TracebackEntry.ishidden
FN:301,317,TracebackEntry.__str__
FNDA:0,TracebackEntry.__str__
FN:320,322,TracebackEntry.name
FNDA:0,TracebackEntry.name
FN:328,343,Traceback.__init__
FNDA:0,Traceback.__init__
FN:335,339,Traceback.__init__.f
FNDA:0,Traceback.__init__.f
FN:345,379,Traceback.cut
FNDA:0,Traceback.cut
FN:382,383,Traceback.__getitem__
FNDA:0,Traceback.__getitem__
FN:386,387,Traceback.__getitem__
FNDA:0,Traceback.__getitem__
FN:389,395,Traceback.__getitem__
FNDA:0,Traceback.__getitem__
FN:397,418,Traceback.filter
FNDA:0,Traceback.filter
FN:420,439,Traceback.recursionindex
FNDA:0,Traceback.recursionindex
FN:456,467,ExceptionInfo.__init__
FNDA:1,ExceptionInfo.__init__
FN:470,496,ExceptionInfo.from_exception
FNDA:0,ExceptionInfo.from_exception
FN:499,513,ExceptionInfo.from_exc_info
FNDA:0,ExceptionInfo.from_exc_info
FN:516,535,ExceptionInfo.from_current
FNDA:0,ExceptionInfo.from_current
FN:538,540,ExceptionInfo.for_later
FNDA:1,ExceptionInfo.for_later
FN:542,545,ExceptionInfo.fill_unfilled
FNDA:1,ExceptionInfo.fill_unfilled
FN:548,553,ExceptionInfo.type
FNDA:0,ExceptionInfo.type
FN:556,561,ExceptionInfo.value
FNDA:0,ExceptionInfo.value
FN:564,569,ExceptionInfo.tb
FNDA:0,ExceptionInfo.tb
FN:572,577,ExceptionInfo.typename
FNDA:0,ExceptionInfo.typename
FN:580,584,ExceptionInfo.traceback
FNDA:0,ExceptionInfo.traceback
FN:587,588,ExceptionInfo.traceback
FNDA:0,ExceptionInfo.traceback
FN:590,595,ExceptionInfo.__repr__
FNDA:0,ExceptionInfo.__repr__
FN:597,611,ExceptionInfo.exconly
FNDA:0,ExceptionInfo.exconly
FN:613,620,ExceptionInfo.errisinstance
FNDA:0,ExceptionInfo.errisinstance
FN:622,631,ExceptionInfo._getreprcrash
FNDA:0,ExceptionInfo._getreprcrash
FN:633,701,ExceptionInfo.getrepr
FNDA:0,ExceptionInfo.getrepr
FN:703,716,ExceptionInfo.match
FNDA:0,ExceptionInfo.match
FN:738,751,FormattedExcinfo._getindent
FNDA:0,FormattedExcinfo._getindent
FN:753,757,FormattedExcinfo._getentrysource
FNDA:0,FormattedExcinfo._getentrysource
FN:759,765,FormattedExcinfo.repr_args
FNDA:0,FormattedExcinfo.repr_args
FN:767,795,FormattedExcinfo.get_source
FNDA:0,FormattedExcinfo.get_source
FN:797,812,FormattedExcinfo.get_exconly
FNDA:0,FormattedExcinfo.get_exconly
FN:814,838,FormattedExcinfo.repr_locals
FNDA:0,FormattedExcinfo.repr_locals
FN:840,878,FormattedExcinfo.repr_traceback_entry
FNDA:0,FormattedExcinfo.repr_traceback_entry
FN:880,888,FormattedExcinfo._makepath
FNDA:0,FormattedExcinfo._makepath
FN:890,917,FormattedExcinfo.repr_traceback
FNDA:0,FormattedExcinfo.repr_traceback
FN:919,959,FormattedExcinfo._truncate_recursive_traceback
FNDA:0,FormattedExcinfo._truncate_recursive_traceback
FN:961,1013,FormattedExcinfo.repr_excinfo
FNDA:0,FormattedExcinfo.repr_excinfo
FN:1018,1024,TerminalRepr.__str__
FNDA:0,TerminalRepr.__str__
FN:1026,1027,TerminalRepr.__repr__
FNDA:0,TerminalRepr.__repr__
FN:1029,1030,TerminalRepr.toterminal
FNDA:0,TerminalRepr.toterminal
FN:1043,1044,ExceptionRepr.addsection
FNDA:0,ExceptionRepr.addsection
FN:1046,1049,ExceptionRepr.toterminal
FNDA:0,ExceptionRepr.toterminal
FN:1056,1068,ExceptionChainRepr.__init__
FNDA:0,ExceptionChainRepr.__init__
FN:1070,1076,ExceptionChainRepr.toterminal
FNDA:0,ExceptionChainRepr.toterminal
FN:1084,1086,ReprExceptionInfo.toterminal
FNDA:0,ReprExceptionInfo.toterminal
FN:1097,1113,ReprTraceback.toterminal
FNDA:0,ReprTraceback.toterminal
FN:1117,1120,ReprTracebackNative.__init__
FNDA:0,ReprTracebackNative.__init__
FN:1129,1130,ReprEntryNative.toterminal
FNDA:0,ReprEntryNative.toterminal
FN:1141,1183,ReprEntry._write_entry_lines
FNDA:0,ReprEntry._write_entry_lines
FN:1185,1205,ReprEntry.toterminal
FNDA:0,ReprEntry.toterminal
FN:1207,1210,ReprEntry.__str__
FNDA:0,ReprEntry.__str__
FN:1219,1220,ReprFileLocation.__post_init__
FNDA:0,ReprFileLocation.__post_init__
FN:1222,1230,ReprFileLocation.toterminal
FNDA:0,ReprFileLocation.toterminal
FN:1237,1239,ReprLocals.toterminal
FNDA:0,ReprLocals.toterminal
FN:1246,1262,ReprFuncArgs.toterminal
FNDA:0,ReprFuncArgs.toterminal
FN:1265,1296,getfslineno
FNDA:1,getfslineno
FN:1311,1337,filter_traceback
FNDA:0,filter_traceback
FNF:89
FNH:8
end_of_record
SF:/Users/mandyarthur/Library/Python/3.9/lib/python/site-packages/_pytest/_code/source.py
DA:1,1
DA:2,1
DA:3,1
DA:4,1
DA:5,1
DA:6,1
DA:7,1
DA:8,1
DA:9,1
DA:10,1
DA:11,1
DA:12,1
DA:13,1
DA:14,1
DA:17,1
DA:23,1
DA:24,0
DA:25,0
DA:26,0
DA:27,0
DA:28,0
DA:29,0
DA:30,0
DA:31,0
DA:33,0
DA:34,0
DA:35,0
DA:36,0
DA:37,0
DA:38,0
DA:40,1
DA:41,0
DA:42,0
DA:43,0
DA:46,1
DA:48,1
DA:49,1
DA:50,0
DA:52,1
DA:53,1
DA:54,0
DA:56,1
DA:57,0
DA:58,0
DA:60,0
DA:61,0
DA:62,0
DA:63,0
DA:64,0
DA:66,1
DA:67,0
DA:69,1
DA:70,0
DA:72,1
DA:74,0
DA:75,0
DA:76,0
DA:77,0
DA:78,0
DA:79,0
DA:80,0
DA:81,0
DA:83,1
DA:86,0
DA:87,0
DA:88,0
DA:90,1
DA:93,0
DA:94,0
DA:96,1
DA:99,0
DA:100,0
DA:101,0
DA:102,0
DA:104,1
DA:106,0
DA:107,0
DA:108,0
DA:110,1
DA:111,0
DA:119,1
DA:120,0
DA:121,0
DA:122,0
DA:123,0
DA:124,0
DA:125,0
DA:126,0
DA:129,1
DA:131,1
DA:132,1
DA:133,0
DA:134,0
DA:135,0
DA:136,0
DA:137,0
DA:138,0
DA:139,0
DA:142,1
DA:143,0
DA:146,1
DA:149,0
DA:150,0
DA:151,0
DA:154,0
DA:155,0
DA:156,0
DA:157,0
DA:158,0
DA:159,0
DA:160,0
DA:162,0
DA:163,0
DA:164,0
DA:165,0
DA:166,0
DA:167,0
DA:169,0
DA:170,0
DA:173,1
DA:179,0
DA:180,0
DA:183,0
DA:184,0
DA:185,0
DA:187,0
DA:192,0
DA:193,0
DA:195,0
DA:198,0
DA:200,0
DA:201,0
DA:202,0
DA:203,0
DA:204,0
DA:205,0
DA:206,0
DA:207,0
DA:208,0
DA:211,0
DA:212,0
DA:213,0
DA:214,0
DA:216,0
DA:217,0
LF:145
LH:38
FN:23,38,Source.__init__
FNDA:0,Source.__init__
FN:40,43,Source.__eq__
FNDA:0,Source.__eq__
FN:49,50,Source.__getitem__
FNDA:0,Source.__getitem__
FN:53,54,Source.__getitem__
FNDA:0,Source.__getitem__
FN:56,64,Source.__getitem__
FNDA:0,Source.__getitem__
FN:66,67,Source.__iter__
FNDA:0,Source.__iter__
FN:69,70,Source.__len__
FNDA:0,Source.__len__
FN:72,81,Source.strip
FNDA:0,Source.strip
FN:83,88,Source.indent
FNDA:0,Source.indent
FN:90,94,Source.getstatement
FNDA:0,Source.getstatement
FN:96,102,Source.getstatementrange
FNDA:0,Source.getstatementrange
FN:104,108,Source.deindent
FNDA:0,Source.deindent
FN:110,111,Source.__str__
FNDA:0,Source.__str__
FN:119,126,findsource
FNDA:0,findsource
FN:129,139,getrawcode
FNDA:1,getrawcode
FN:142,143,deindent
FNDA:0,deindent
FN:146,170,get_statement_startend2
FNDA:0,get_statement_startend2
FN:173,217,getstatementrange_ast
FNDA:0,getstatementrange_ast
FNF:18
FNH:1
end_of_record
SF:/Users/mandyarthur/Library/Python/3.9/lib/python/site-packages/_pytest/_io/__init__.py
DA:1,1
DA:2,1
DA:5,1
LF:3
LH:3
end_of_record
SF:/Users/mandyarthur/Library/Python/3.9/lib/python/site-packages/_pytest/_io/saferepr.py
DA:1,1
DA:2,1
DA:3,1
DA:4,1
DA:5,1
DA:6,1
DA:9,1
DA:10,0
DA:11,0
DA:12,0
DA:13,0
DA:14,0
DA:15,0
DA:18,1
DA:19,0
DA:20,0
DA:21,0
DA:22,0
DA:23,0
DA:24,0
DA:25,0
DA:30,1
DA:31,0
DA:32,0
DA:33,0
DA:34,0
DA:35,0
DA:38,1
DA:44,1
DA:51,0
DA:55,0
DA:56,0
DA:57,0
DA:59,1
DA:60,0
DA:61,0
DA:62,0
DA:64,0
DA:66,0
DA:67,0
DA:68,0
DA:69,0
DA:70,0
DA:71,0
DA:72,0
DA:74,1
DA:75,0
DA:76,0
DA:77,0
DA:78,0
DA:79,0
DA:80,0
DA:81,0
DA:82,0
DA:83,0
DA:86,1
DA:92,0
DA:93,0
DA:94,0
DA:95,0
DA:99,1
DA:102,1
DA:115,0
DA:118,1
DA:129,0
DA:130,0
DA:131,0
DA:132,0
DA:133,0
DA:134,0
DA:137,1
DA:140,1
DA:150,0
DA:152,0
DA:153,0
DA:155,0
DA:163,0
DA:165,0
DA:166,0
DA:167,0
DA:170,1
DA:178,0
LF:82
LH:20
FN:9,15,_try_repr_or_str
FNDA:0,_try_repr_or_str
FN:18,27,_format_repr_exception
FNDA:0,_format_repr_exception
FN:30,35,_ellipsize
FNDA:0,_ellipsize
FN:44,57,SafeRepr.__init__
FNDA:0,SafeRepr.__init__
FN:59,72,SafeRepr.repr
FNDA:0,SafeRepr.repr
FN:74,83,SafeRepr.repr_instance
FNDA:0,SafeRepr.repr_instance
FN:86,95,safeformat
FNDA:0,safeformat
FN:102,115,saferepr
FNDA:0,saferepr
FN:118,134,saferepr_unlimited
FNDA:0,saferepr_unlimited
FN:140,167,AlwaysDispatchingPrettyPrinter._format
FNDA:0,AlwaysDispatchingPrettyPrinter._format
FN:170,180,_pformat_dispatch
FNDA:0,_pformat_dispatch
FNF:11
FNH:0
end_of_record
SF:/Users/mandyarthur/Library/Python/3.9/lib/python/site-packages/_pytest/_io/terminalwriter.py
DA:2,1
DA:3,1
DA:4,1
DA:5,1
DA:6,1
DA:7,1
DA:9,1
DA:10,1
DA:16,1
DA:17,1
DA:20,1
DA:21,0
DA:23,1
DA:26,1
DA:27,1
DA:28,0
DA:29,1
DA:30,0
DA:31,1
DA:32,0
DA:33,1
DA:34,0
DA:35,1
DA:40,1
DA:41,1
DA:42,1
DA:65,1
DA:66,1
DA:67,1
DA:68,1
DA:69,0
DA:70,0
DA:71,0
DA:72,0
DA:74,0
DA:75,0
DA:76,1
DA:77,1
DA:78,1
DA:79,1
DA:80,1
DA:82,1
DA:83,1
DA:84,1
DA:85,0
DA:86,1
DA:88,1
DA:89,1
DA:90,0
DA:92,1
DA:93,1
DA:95,1
DA:97,1
DA:98,1
DA:99,1
DA:100,0
DA:101,1
DA:102,1
DA:103,1
DA:104,1
DA:105,1
DA:107,1
DA:114,1
DA:115,1
DA:118,1
DA:123,0
DA:124,1
DA:129,1
DA:130,1
DA:131,1
DA:135,0
DA:139,1
DA:140,0
DA:142,1
DA:144,1
DA:145,1
DA:146,1
DA:147,1
DA:148,1
DA:150,1
DA:152,1
DA:154,1
DA:155,1
DA:156,0
DA:163,0
DA:164,0
DA:166,1
DA:167,1
DA:169,1
DA:170,1
DA:171,1
DA:173,1
DA:174,1
DA:176,1
DA:183,0
DA:184,0
DA:189,0
DA:190,0
DA:191,0
DA:192,0
DA:193,0
DA:194,0
DA:196,1
DA:198,0
DA:200,0
DA:201,0
DA:202,0
DA:203,0
DA:204,0
DA:205,0
DA:206,0
DA:207,0
DA:208,0
DA:210,0
DA:211,0
DA:219,0
DA:220,0
DA:221,0
DA:227,0
DA:228,0
LF:120
LH:75
FN:16,23,get_terminal_width
FNDA:1,get_terminal_width
FN:26,37,should_do_markup
FNDA:1,should_do_markup
FN:65,80,TerminalWriter.__init__
FNDA:1,TerminalWriter.__init__
FN:83,86,TerminalWriter.fullwidth
FNDA:1,TerminalWriter.fullwidth
FN:89,90,TerminalWriter.fullwidth
FNDA:0,TerminalWriter.fullwidth
FN:93,95,TerminalWriter.width_of_current_line
FNDA:1,TerminalWriter.width_of_current_line
FN:97,105,TerminalWriter.markup
FNDA:1,TerminalWriter.markup
FN:107,142,TerminalWriter.sep
FNDA:1,TerminalWriter.sep
FN:144,167,TerminalWriter.write
FNDA:1,TerminalWriter.write
FN:169,171,TerminalWriter.line
FNDA:1,TerminalWriter.line
FN:173,174,TerminalWriter.flush
FNDA:1,TerminalWriter.flush
FN:176,194,TerminalWriter._write_source
FNDA:0,TerminalWriter._write_source
FN:196,233,TerminalWriter._highlight
FNDA:0,TerminalWriter._highlight
FNF:13
FNH:10
end_of_record
SF:/Users/mandyarthur/Library/Python/3.9/lib/python/site-packages/_pytest/_io/wcwidth.py
DA:1,1
DA:2,1
DA:5,1
DA:6,1
DA:12,1
DA:15,1
DA:16,1
DA:19,0
DA:25,0
DA:27,0
DA:30,0
DA:31,0
DA:34,0
DA:35,0
DA:38,0
DA:39,0
DA:41,0
DA:44,1
DA:49,1
DA:50,1
DA:51,1
DA:52,1
DA:53,0
DA:54,1
DA:55,1
LF:25
LH:14
FN:6,41,wcwidth
FNDA:1,wcwidth
FN:44,55,wcswidth
FNDA:1,wcswidth
FNF:2
FNH:2
end_of_record
SF:/Users/mandyarthur/Library/Python/3.9/lib/python/site-packages/_pytest/_py/__init__.py
end_of_record
SF:/Users/mandyarthur/Library/Python/3.9/lib/python/site-packages/_pytest/_py/error.py
DA:2,1
DA:4,1
DA:5,1
DA:6,1
DA:7,1
DA:8,1
DA:9,1
DA:11,1
DA:12,0
DA:14,0
DA:16,1
DA:19,1
DA:20,1
DA:21,0
DA:29,1
DA:30,0
DA:34,0
DA:37,1
DA:50,1
DA:56,1
DA:58,1
DA:59,0
DA:60,0
DA:61,0
DA:62,0
DA:63,0
DA:64,0
DA:66,1
DA:67,0
DA:68,0
DA:69,0
DA:70,0
DA:71,0
DA:76,0
DA:77,0
DA:79,1
DA:83,0
DA:84,0
DA:85,0
DA:86,0
DA:87,0
DA:88,0
DA:89,0
DA:90,0
DA:91,0
DA:92,0
DA:93,0
DA:94,0
DA:95,0
DA:96,0
DA:99,0
DA:101,0
DA:104,1
DA:105,1
DA:108,1
DA:109,0
LF:56
LH:21
FN:20,27,Error.__repr__
FNDA:0,Error.__repr__
FN:29,34,Error.__str__
FNDA:0,Error.__str__
FN:58,64,ErrorMaker.__getattr__
FNDA:0,ErrorMaker.__getattr__
FN:66,77,ErrorMaker._geterrnoclass
FNDA:0,ErrorMaker._geterrnoclass
FN:79,101,ErrorMaker.checked_call
FNDA:0,ErrorMaker.checked_call
FN:108,109,__getattr__
FNDA:0,__getattr__
FNF:6
FNH:0
end_of_record
SF:/Users/mandyarthur/Library/Python/3.9/lib/python/site-packages/_pytest/_py/path.py
DA:2,1
DA:4,1
DA:5,1
DA:6,1
DA:7,1
DA:8,1
DA:9,1
DA:10,1
DA:11,1
DA:12,1
DA:13,1
DA:14,1
DA:15,1
DA:16,1
DA:17,1
DA:18,1
DA:19,1
DA:20,1
DA:21,1
DA:22,1
DA:23,1
DA:24,1
DA:25,1
DA:26,1
DA:27,1
DA:28,1
DA:29,1
DA:31,1
DA:33,1
DA:34,0
DA:37,1
DA:40,1
DA:41,1
DA:43,1
DA:44,0
DA:46,1
DA:47,0
DA:49,1
DA:50,0
DA:51,0
DA:52,0
DA:54,1
DA:55,0
DA:57,1
DA:58,0
DA:60,1
DA:61,0
DA:63,1
DA:64,0
DA:66,1
DA:67,0
DA:69,1
DA:70,0
DA:72,0
DA:73,0
DA:74,0
DA:75,0
DA:76,0
DA:77,0
DA:78,0
DA:79,0
DA:80,0
DA:81,0
DA:82,0
DA:83,0
DA:84,0
DA:85,0
DA:86,0
DA:87,0
DA:88,0
DA:89,0
DA:91,0
DA:92,0
DA:93,0
DA:97,0
DA:98,0
DA:99,0
DA:100,0
DA:101,0
DA:102,0
DA:103,0
DA:104,0
DA:105,0
DA:107,1
DA:109,1
DA:110,0
DA:111,0
DA:112,0
DA:113,0
DA:114,0
DA:115,0
DA:116,0
DA:117,0
DA:119,1
DA:120,0
DA:122,1
DA:123,0
DA:125,1
DA:126,0
DA:128,1
DA:129,0
DA:130,0
DA:133,1
DA:134,1
DA:137,1
DA:138,1
DA:139,0
DA:140,0
DA:141,0
DA:142,0
DA:143,0
DA:144,0
DA:146,0
DA:147,0
DA:148,0
DA:149,0
DA:150,0
DA:152,1
DA:153,0
DA:154,0
DA:155,0
DA:156,0
DA:157,0
DA:158,0
DA:161,0
DA:162,0
DA:163,0
DA:164,0
DA:165,0
DA:166,0
DA:167,0
DA:168,0
DA:169,0
DA:170,0
DA:171,0
DA:174,1
DA:175,1
DA:176,0
DA:178,1
DA:179,0
DA:181,0
DA:189,0
DA:191,0
DA:192,0
DA:194,0
DA:195,0
DA:196,0
DA:197,0
DA:200,1
DA:201,0
DA:204,1
DA:205,1
DA:207,0
DA:208,0
DA:209,0
DA:211,0
DA:212,0
DA:213,0
DA:215,1
DA:216,0
DA:218,1
DA:219,0
DA:220,0
DA:222,1
DA:223,1
DA:224,0
DA:225,0
DA:226,0
DA:228,0
DA:229,0
DA:231,1
DA:232,1
DA:234,0
DA:235,0
DA:236,0
DA:238,0
DA:239,0
DA:241,1
DA:242,0
DA:244,1
DA:245,0
DA:247,1
DA:248,0
DA:249,0
DA:252,1
DA:253,0
DA:255,0
DA:256,0
DA:257,0
DA:260,1
DA:261,0
DA:263,0
DA:264,0
DA:265,0
DA:268,1
DA:273,1
DA:276,1
DA:278,1
DA:288,1
DA:289,0
DA:291,1
DA:292,1
DA:293,0
DA:294,0
DA:298,1
DA:299,0
DA:300,1
DA:302,1
DA:304,1
DA:310,0
DA:311,0
DA:312,0
DA:313,0
DA:314,0
DA:315,0
DA:316,0
DA:318,1
DA:321,0
DA:323,1
DA:325,0
DA:327,1
DA:329,0
DA:330,0
DA:332,0
DA:334,0
DA:335,0
DA:336,0
DA:337,0
DA:338,0
DA:340,1
DA:341,0
DA:343,1
DA:345,1
DA:346,1
DA:348,0
DA:350,1
DA:351,1
DA:353,0
DA:355,1
DA:356,1
DA:358,0
DA:360,1
DA:361,1
DA:363,0
DA:365,1
DA:367,0
DA:368,0
DA:370,1
DA:372,0
DA:373,0
DA:375,1
DA:377,0
DA:378,0
DA:380,1
DA:383,0
DA:385,0
DA:386,0
DA:387,0
DA:389,0
DA:390,0
DA:391,0
DA:393,0
DA:395,1
DA:397,0
DA:398,0
DA:399,0
DA:401,0
DA:403,0
DA:405,1
DA:407,0
DA:408,0
DA:409,0
DA:410,0
DA:411,0
DA:412,0
DA:413,0
DA:415,1
DA:432,0
DA:434,1
DA:438,0
DA:439,0
DA:440,0
DA:441,0
DA:442,0
DA:445,0
DA:446,0
DA:447,0
DA:448,0
DA:449,0
DA:450,0
DA:451,0
DA:453,1
DA:455,0
DA:457,1
DA:463,0
DA:464,0
DA:465,0
DA:466,0
DA:467,0
DA:468,0
DA:469,0
DA:470,0
DA:471,0
DA:472,0
DA:474,0
DA:475,0
DA:476,0
DA:477,0
DA:478,0
DA:479,0
DA:480,0
DA:481,0
DA:483,1
DA:484,0
DA:486,1
DA:487,0
DA:489,1
DA:490,0
DA:492,1
DA:496,0
DA:497,0
DA:499,0
DA:500,0
DA:501,0
DA:502,0
DA:503,0
DA:504,0
DA:505,0
DA:506,0
DA:508,1
DA:512,0
DA:513,0
DA:514,0
DA:515,0
DA:516,0
DA:517,0
DA:519,1
DA:521,0
DA:523,1
DA:541,0
DA:543,1
DA:544,0
DA:545,0
DA:546,0
DA:552,0
DA:554,0
DA:556,1
DA:557,0
DA:559,1
DA:560,0
DA:561,0
DA:562,0
DA:563,0
DA:565,1
DA:566,0
DA:567,0
DA:568,0
DA:569,0
DA:570,0
DA:571,0
DA:572,0
DA:573,0
DA:574,0
DA:575,0
DA:576,0
DA:577,0
DA:579,1
DA:580,0
DA:582,1
DA:583,0
DA:585,1
DA:586,0
DA:588,1
DA:590,0
DA:591,0
DA:592,0
DA:593,0
DA:594,0
DA:595,0
DA:596,0
DA:597,0
DA:599,1
DA:604,0
DA:605,0
DA:607,0
DA:608,0
DA:609,0
DA:611,0
DA:615,0
DA:617,0
DA:618,0
DA:619,0
DA:621,1
DA:623,0
DA:624,0
DA:625,0
DA:626,0
DA:627,0
DA:628,0
DA:629,0
DA:630,0
DA:631,0
DA:632,0
DA:633,0
DA:634,0
DA:636,0
DA:637,0
DA:638,0
DA:639,0
DA:641,0
DA:643,1
DA:654,0
DA:655,0
DA:656,0
DA:657,0
DA:658,0
DA:661,0
DA:662,0
DA:663,0
DA:665,0
DA:666,0
DA:667,0
DA:668,0
DA:669,0
DA:671,0
DA:672,0
DA:673,0
DA:675,0
DA:676,0
DA:678,0
DA:679,0
DA:680,0
DA:681,0
DA:683,1
DA:685,0
DA:686,0
DA:688,0
DA:689,0
DA:690,0
DA:691,0
DA:692,0
DA:693,0
DA:695,0
DA:696,0
DA:697,0
DA:699,0
DA:700,0
DA:701,0
DA:703,0
DA:704,0
DA:705,0
DA:706,0
DA:707,0
DA:709,0
DA:710,0
DA:712,1
DA:714,0
DA:715,0
DA:716,0
DA:717,0
DA:718,0
DA:719,0
DA:720,0
DA:722,1
DA:727,0
DA:728,0
DA:729,0
DA:730,0
DA:731,0
DA:732,0
DA:733,0
DA:734,0
DA:735,0
DA:736,0
DA:737,0
DA:739,0
DA:740,0
DA:741,0
DA:742,0
DA:744,0
DA:745,0
DA:746,0
DA:747,0
DA:748,0
DA:749,0
DA:750,0
DA:752,1
DA:757,0
DA:758,0
DA:759,0
DA:760,0
DA:761,0
DA:763,1
DA:764,0
DA:765,0
DA:766,0
DA:768,1
DA:769,0
DA:771,1
DA:788,0
DA:789,0
DA:790,0
DA:791,0
DA:792,0
DA:793,0
DA:794,0
DA:795,0
DA:796,0
DA:797,0
DA:799,1
DA:801,1
DA:805,0
DA:806,0
DA:807,0
DA:808,0
DA:809,0
DA:810,0
DA:811,0
DA:812,0
DA:813,0
DA:814,0
DA:815,0
DA:816,0
DA:817,0
DA:818,0
DA:819,0
DA:820,0
DA:821,0
DA:822,0
DA:824,1
DA:826,0
DA:828,1
DA:830,0
DA:832,1
DA:839,0
DA:840,0
DA:841,0
DA:842,0
DA:843,0
DA:844,0
DA:845,0
DA:846,0
DA:847,0
DA:850,0
DA:851,0
DA:853,0
DA:854,0
DA:855,0
DA:856,0
DA:857,0
DA:858,0
DA:859,0
DA:860,0
DA:861,0
DA:862,0
DA:863,0
DA:864,0
DA:865,0
DA:866,0
DA:867,0
DA:869,1
DA:871,0
DA:872,0
DA:874,1
DA:876,0
DA:877,0
DA:879,0
DA:880,0
DA:882,0
DA:884,1
DA:886,0
DA:887,0
DA:888,0
DA:890,1
DA:894,0
DA:895,0
DA:896,0
DA:897,0
DA:899,1
DA:903,0
DA:904,0
DA:905,0
DA:906,0
DA:908,1
DA:912,0
DA:913,0
DA:914,0
DA:915,0
DA:916,0
DA:918,0
DA:919,0
DA:920,0
DA:922,0
DA:923,0
DA:924,0
DA:925,0
DA:927,0
DA:929,1
DA:930,0
DA:931,0
DA:932,0
DA:933,0
DA:934,0
DA:935,0
DA:936,0
DA:937,0
DA:938,0
DA:941,0
DA:942,0
DA:943,0
DA:945,1
DA:950,0
DA:951,0
DA:952,0
DA:954,0
DA:955,0
DA:956,0
DA:957,0
DA:959,1
DA:960,1
DA:961,0
DA:963,1
DA:964,1
DA:965,0
DA:967,1
DA:969,0
DA:970,0
DA:971,0
DA:972,0
DA:973,0
DA:974,0
DA:975,0
DA:976,0
DA:978,1
DA:980,0
DA:982,1
DA:988,0
DA:989,0
DA:990,0
DA:991,0
DA:992,0
DA:993,0
DA:995,1
DA:997,0
DA:998,0
DA:999,0
DA:1000,0
DA:1001,0
DA:1002,0
DA:1004,1
DA:1005,1
DA:1011,0
DA:1012,0
DA:1013,0
DA:1015,0
DA:1016,0
DA:1018,1
DA:1020,0
DA:1022,1
DA:1024,0
DA:1026,1
DA:1027,0
DA:1029,1
DA:1031,0
DA:1033,1
DA:1038,0
DA:1039,0
DA:1040,0
DA:1041,0
DA:1042,0
DA:1043,0
DA:1045,1
DA:1050,0
DA:1051,0
DA:1052,0
DA:1053,0
DA:1054,0
DA:1055,0
DA:1056,0
DA:1057,0
DA:1058,0
DA:1060,1
DA:1061,0
DA:1062,0
DA:1063,0
DA:1064,0
DA:1065,0
DA:1067,0
DA:1068,0
DA:1070,1
DA:1091,0
DA:1092,0
DA:1094,0
DA:1095,0
DA:1096,0
DA:1097,0
DA:1098,0
DA:1099,0
DA:1102,0
DA:1103,0
DA:1104,0
DA:1106,0
DA:1107,0
DA:1108,0
DA:1109,0
DA:1110,0
DA:1111,0
DA:1112,0
DA:1113,0
DA:1114,0
DA:1116,0
DA:1117,0
DA:1119,0
DA:1120,0
DA:1121,0
DA:1122,0
DA:1123,0
DA:1125,0
DA:1126,0
DA:1127,0
DA:1128,0
DA:1129,0
DA:1130,0
DA:1131,0
DA:1132,0
DA:1133,0
DA:1134,0
DA:1135,0
DA:1136,0
DA:1137,0
DA:1138,0
DA:1139,0
DA:1140,0
DA:1141,0
DA:1142,0
DA:1144,0
DA:1145,0
DA:1146,0
DA:1148,0
DA:1150,0
DA:1151,0
DA:1152,0
DA:1153,0
DA:1154,0
DA:1155,0
DA:1156,0
DA:1157,0
DA:1158,0
DA:1159,0
DA:1161,1
DA:1166,0
DA:1168,0
DA:1169,0
DA:1170,0
DA:1177,0
DA:1178,0
DA:1179,0
DA:1180,0
DA:1181,0
DA:1182,0
DA:1183,0
DA:1184,0
DA:1191,0
DA:1193,1
DA:1194,1
DA:1202,0
DA:1203,0
DA:1204,0
DA:1205,0
DA:1207,0
DA:1208,0
DA:1209,0
DA:1210,0
DA:1211,0
DA:1212,0
DA:1213,0
DA:1214,0
DA:1215,0
DA:1217,0
DA:1221,0
DA:1222,0
DA:1223,0
DA:1224,0
DA:1225,0
DA:1227,0
DA:1228,0
DA:1229,0
DA:1230,0
DA:1231,0
DA:1232,0
DA:1233,0
DA:1234,0
DA:1235,0
DA:1236,0
DA:1237,0
DA:1238,0
DA:1240,1
DA:1241,1
DA:1242,0
DA:1243,0
DA:1244,0
DA:1245,0
DA:1246,0
DA:1247,0
DA:1248,0
DA:1249,0
DA:1254,1
DA:1255,1
DA:1259,0
DA:1261,0
DA:1263,1
DA:1264,1
DA:1268,0
DA:1270,0
DA:1271,0
DA:1272,0
DA:1274,1
DA:1275,1
DA:1284,0
DA:1285,0
DA:1287,0
DA:1289,0
DA:1291,0
DA:1292,0
DA:1293,0
DA:1294,0
DA:1295,0
DA:1296,0
DA:1298,0
DA:1300,0
DA:1301,0
DA:1302,0
DA:1303,0
DA:1305,0
DA:1308,0
DA:1309,0
DA:1310,0
DA:1312,0
DA:1314,0
DA:1316,0
DA:1322,0
DA:1323,0
DA:1324,0
DA:1325,0
DA:1326,0
DA:1327,0
DA:1329,0
DA:1332,0
DA:1334,0
DA:1335,0
DA:1336,0
DA:1337,0
DA:1338,0
DA:1341,0
DA:1342,0
DA:1343,0
DA:1344,0
DA:1345,0
DA:1346,0
DA:1355,0
DA:1356,0
DA:1357,0
DA:1358,0
DA:1359,0
DA:1361,0
DA:1363,0
DA:1364,0
DA:1365,0
DA:1366,0
DA:1368,0
DA:1370,0
DA:1372,0
DA:1373,0
DA:1376,0
DA:1377,0
DA:1378,0
DA:1379,0
DA:1380,0
DA:1381,0
DA:1383,0
DA:1384,0
DA:1385,0
DA:1386,0
DA:1387,0
DA:1389,0
DA:1390,0
DA:1393,0
DA:1398,0
DA:1399,0
DA:1400,0
DA:1401,0
DA:1402,0
DA:1403,0
DA:1404,0
DA:1405,0
DA:1406,0
DA:1407,0
DA:1408,0
DA:1409,0
DA:1410,0
DA:1411,0
DA:1412,0
DA:1415,0
DA:1416,0
DA:1417,0
DA:1418,0
DA:1419,0
DA:1420,0
DA:1421,0
DA:1423,0
DA:1424,0
DA:1425,0
DA:1426,0
DA:1427,0
DA:1428,0
DA:1429,0
DA:1430,0
DA:1431,0
DA:1432,0
DA:1434,0
DA:1437,1
DA:1439,0
DA:1441,0
DA:1444,1
DA:1447,0
DA:1449,0
DA:1452,1
DA:1453,0
DA:1454,0
DA:1455,0
DA:1456,0
DA:1457,0
DA:1459,0
DA:1460,0
DA:1461,0
DA:1462,0
DA:1464,0
DA:1466,0
DA:1469,1
DA:1470,0
DA:1471,0
DA:1472,0
DA:1475,1
LF:943
LH:175
FN:43,44,Checkers.__init__
FNDA:0,Checkers.__init__
FN:46,47,Checkers.dotfile
FNDA:0,Checkers.dotfile
FN:49,52,Checkers.ext
FNDA:0,Checkers.ext
FN:54,55,Checkers.basename
FNDA:0,Checkers.basename
FN:57,58,Checkers.basestarts
FNDA:0,Checkers.basestarts
FN:60,61,Checkers.relto
FNDA:0,Checkers.relto
FN:63,64,Checkers.fnmatch
FNDA:0,Checkers.fnmatch
FN:66,67,Checkers.endswith
FNDA:0,Checkers.endswith
FN:69,105,Checkers._evaluate
FNDA:0,Checkers._evaluate
FN:109,117,Checkers._stat
FNDA:0,Checkers._stat
FN:119,120,Checkers.dir
FNDA:0,Checkers.dir
FN:122,123,Checkers.file
FNDA:0,Checkers.file
FN:125,126,Checkers.exists
FNDA:0,Checkers.exists
FN:128,130,Checkers.link
FNDA:0,Checkers.link
FN:138,150,Visitor.__init__
FNDA:0,Visitor.__init__
FN:152,171,Visitor.gen
FNDA:0,Visitor.gen
FN:175,176,FNMatcher.__init__
FNDA:0,FNMatcher.__init__
FN:178,197,FNMatcher.__call__
FNDA:0,FNMatcher.__call__
FN:200,201,map_as_list
FNDA:0,map_as_list
FN:208,209,Stat.size
FNDA:0,Stat.size
FN:212,213,Stat.mtime
FNDA:0,Stat.mtime
FN:215,216,Stat.__getattr__
FNDA:0,Stat.__getattr__
FN:218,220,Stat.__init__
FNDA:0,Stat.__init__
FN:223,229,Stat.owner
FNDA:0,Stat.owner
FN:232,239,Stat.group
FNDA:0,Stat.group
FN:241,242,Stat.isdir
FNDA:0,Stat.isdir
FN:244,245,Stat.isfile
FNDA:0,Stat.isfile
FN:247,249,Stat.islink
FNDA:0,Stat.islink
FN:252,257,getuserid
FNDA:0,getuserid
FN:260,265,getgroupid
FNDA:0,getgroupid
FN:278,300,LocalPath.__init__
FNDA:1,LocalPath.__init__
FN:304,316,LocalPath.chown
FNDA:0,LocalPath.chown
FN:318,321,LocalPath.readlink
FNDA:0,LocalPath.readlink
FN:323,325,LocalPath.mklinkto
FNDA:0,LocalPath.mklinkto
FN:327,338,LocalPath.mksymlinkto
FNDA:0,LocalPath.mksymlinkto
FN:340,341,LocalPath.__div__
FNDA:0,LocalPath.__div__
FN:346,348,LocalPath.basename
FNDA:0,LocalPath.basename
FN:351,353,LocalPath.dirname
FNDA:0,LocalPath.dirname
FN:356,358,LocalPath.purebasename
FNDA:0,LocalPath.purebasename
FN:361,363,LocalPath.ext
FNDA:0,LocalPath.ext
FN:365,368,LocalPath.read_binary
FNDA:0,LocalPath.read_binary
FN:370,373,LocalPath.read_text
FNDA:0,LocalPath.read_text
FN:375,378,LocalPath.read
FNDA:0,LocalPath.read
FN:380,393,LocalPath.readlines
FNDA:0,LocalPath.readlines
FN:395,403,LocalPath.load
FNDA:0,LocalPath.load
FN:405,413,LocalPath.move
FNDA:0,LocalPath.move
FN:415,432,LocalPath.fnmatch
FNDA:0,LocalPath.fnmatch
FN:434,451,LocalPath.relto
FNDA:0,LocalPath.relto
FN:453,455,LocalPath.ensure_dir
FNDA:0,LocalPath.ensure_dir
FN:457,481,LocalPath.bestrelpath
FNDA:0,LocalPath.bestrelpath
FN:483,484,LocalPath.exists
FNDA:0,LocalPath.exists
FN:486,487,LocalPath.isdir
FNDA:0,LocalPath.isdir
FN:489,490,LocalPath.isfile
FNDA:0,LocalPath.isfile
FN:492,506,LocalPath.parts
FNDA:0,LocalPath.parts
FN:508,517,LocalPath.common
FNDA:0,LocalPath.common
FN:519,521,LocalPath.__add__
FNDA:0,LocalPath.__add__
FN:523,541,LocalPath.visit
FNDA:0,LocalPath.visit
FN:543,554,LocalPath._sortlist
FNDA:0,LocalPath._sortlist
FN:556,557,LocalPath.__fspath__
FNDA:0,LocalPath.__fspath__
FN:559,563,LocalPath.__hash__
FNDA:0,LocalPath.__hash__
FN:565,577,LocalPath.__eq__
FNDA:0,LocalPath.__eq__
FN:579,580,LocalPath.__ne__
FNDA:0,LocalPath.__ne__
FN:582,583,LocalPath.__lt__
FNDA:0,LocalPath.__lt__
FN:585,586,LocalPath.__gt__
FNDA:0,LocalPath.__gt__
FN:588,597,LocalPath.samefile
FNDA:0,LocalPath.samefile
FN:599,619,LocalPath.remove
FNDA:0,LocalPath.remove
FN:621,641,LocalPath.computehash
FNDA:0,LocalPath.computehash
FN:643,681,LocalPath.new
FNDA:0,LocalPath.new
FN:683,710,LocalPath._getbyspec
FNDA:0,LocalPath._getbyspec
FN:712,720,LocalPath.dirpath
FNDA:0,LocalPath.dirpath
FN:722,750,LocalPath.join
FNDA:0,LocalPath.join
FN:752,761,LocalPath.open
FNDA:0,LocalPath.open
FN:763,766,LocalPath._fastjoin
FNDA:0,LocalPath._fastjoin
FN:768,769,LocalPath.islink
FNDA:0,LocalPath.islink
FN:771,797,LocalPath.check
FNDA:0,LocalPath.check
FN:801,822,LocalPath.listdir
FNDA:0,LocalPath.listdir
FN:824,826,LocalPath.size
FNDA:0,LocalPath.size
FN:828,830,LocalPath.mtime
FNDA:0,LocalPath.mtime
FN:832,867,LocalPath.copy
FNDA:0,LocalPath.copy
FN:869,872,LocalPath.rename
FNDA:0,LocalPath.rename
FN:874,882,LocalPath.dump
FNDA:0,LocalPath.dump
FN:884,888,LocalPath.mkdir
FNDA:0,LocalPath.mkdir
FN:890,897,LocalPath.write_binary
FNDA:0,LocalPath.write_binary
FN:899,906,LocalPath.write_text
FNDA:0,LocalPath.write_text
FN:908,927,LocalPath.write
FNDA:0,LocalPath.write
FN:929,943,LocalPath._ensuredirs
FNDA:0,LocalPath._ensuredirs
FN:945,957,LocalPath.ensure
FNDA:0,LocalPath.ensure
FN:960,961,LocalPath.stat
FNDA:0,LocalPath.stat
FN:964,965,LocalPath.stat
FNDA:0,LocalPath.stat
FN:967,976,LocalPath.stat
FNDA:0,LocalPath.stat
FN:978,980,LocalPath.lstat
FNDA:0,LocalPath.lstat
FN:982,993,LocalPath.setmtime
FNDA:0,LocalPath.setmtime
FN:995,1002,LocalPath.chdir
FNDA:0,LocalPath.chdir
FN:1005,1016,LocalPath.as_cwd
FNDA:0,LocalPath.as_cwd
FN:1018,1020,LocalPath.realpath
FNDA:0,LocalPath.realpath
FN:1022,1024,LocalPath.atime
FNDA:0,LocalPath.atime
FN:1026,1027,LocalPath.__repr__
FNDA:0,LocalPath.__repr__
FN:1029,1031,LocalPath.__str__
FNDA:0,LocalPath.__str__
FN:1033,1043,LocalPath.chmod
FNDA:0,LocalPath.chmod
FN:1045,1058,LocalPath.pypkgpath
FNDA:0,LocalPath.pypkgpath
FN:1060,1068,LocalPath._ensuresyspath
FNDA:0,LocalPath._ensuresyspath
FN:1070,1159,LocalPath.pyimport
FNDA:0,LocalPath.pyimport
FN:1161,1191,LocalPath.sysexec
FNDA:0,LocalPath.sysexec
FN:1194,1238,LocalPath.sysfind
FNDA:0,LocalPath.sysfind
FN:1241,1249,LocalPath._gethomedir
FNDA:0,LocalPath._gethomedir
FN:1255,1261,LocalPath.get_temproot
FNDA:0,LocalPath.get_temproot
FN:1264,1272,LocalPath.mkdtemp
FNDA:0,LocalPath.mkdtemp
FN:1275,1434,LocalPath.make_numbered_dir
FNDA:0,LocalPath.make_numbered_dir
FN:1289,1296,LocalPath.make_numbered_dir.parse_num
FNDA:0,LocalPath.make_numbered_dir.parse_num
FN:1298,1310,LocalPath.make_numbered_dir.create_lockfile
FNDA:0,LocalPath.make_numbered_dir.create_lockfile
FN:1312,1329,LocalPath.make_numbered_dir.atexit_remove_lockfile
FNDA:0,LocalPath.make_numbered_dir.atexit_remove_lockfile
FN:1316,1327,LocalPath.make_numbered_dir.atexit_remove_lockfile.try_remove_lockfile
FNDA:0,LocalPath.make_numbered_dir.atexit_remove_lockfile.try_remove_lockfile
FN:1361,1366,LocalPath.make_numbered_dir.get_mtime
FNDA:0,LocalPath.make_numbered_dir.get_mtime
FN:1370,1373,LocalPath.make_numbered_dir.is_garbage
FNDA:0,LocalPath.make_numbered_dir.is_garbage
FN:1437,1441,copymode
FNDA:0,copymode
FN:1444,1449,copystat
FNDA:0,copystat
FN:1452,1466,copychunked
FNDA:0,copychunked
FN:1469,1472,isimportable
FNDA:0,isimportable
FNF:118
FNH:1
end_of_record
SF:/Users/mandyarthur/Library/Python/3.9/lib/python/site-packages/_pytest/_version.py
DA:3,1
DA:4,1
DA:5,0
DA:6,0
DA:8,1
DA:10,1
DA:11,1
DA:12,1
DA:13,1
DA:15,1
DA:16,1
LF:11
LH:9
end_of_record
SF:/Users/mandyarthur/Library/Python/3.9/lib/python/site-packages/_pytest/assertion/__init__.py
DA:2,1
DA:3,1
DA:4,1
DA:5,1
DA:6,1
DA:7,1
DA:9,1
DA:10,1
DA:11,1
DA:12,1
DA:13,1
DA:14,1
DA:15,1
DA:16,1
DA:18,1
DA:19,0
DA:22,1
DA:23,1
DA:24,1
DA:38,1
DA:47,1
DA:58,0
DA:59,0
DA:60,0
DA:61,0
DA:62,0
DA:63,0
DA:64,0
DA:65,0
DA:69,0
DA:70,0
DA:73,1
DA:76,1
DA:77,1
DA:80,1
DA:83,1
DA:84,1
DA:85,1
DA:86,1
DA:89,1
DA:91,1
DA:92,1
DA:93,1
DA:94,1
DA:96,1
DA:97,1
DA:98,1
DA:99,1
DA:101,1
DA:102,1
DA:105,1
DA:109,1
DA:110,1
DA:111,1
DA:112,1
DA:115,1
DA:116,1
DA:124,1
DA:126,1
DA:141,0
DA:144,0
DA:145,0
DA:146,0
DA:147,0
DA:148,0
DA:149,0
DA:150,0
DA:151,0
DA:152,0
DA:154,1
DA:155,1
DA:156,1
DA:158,1
DA:160,0
DA:161,0
DA:163,0
DA:165,1
DA:167,1
DA:168,1
DA:171,1
DA:172,1
DA:173,1
DA:174,1
DA:175,1
DA:178,1
DA:181,0
LF:86
LH:61
FN:22,44,pytest_addoption
FNDA:1,pytest_addoption
FN:47,70,register_assert_rewrite
FNDA:0,register_assert_rewrite
FN:76,77,DummyRewriteHook.mark_rewrite
FNDA:1,DummyRewriteHook.mark_rewrite
FN:83,86,AssertionState.__init__
FNDA:1,AssertionState.__init__
FN:89,102,install_importhook
FNDA:1,install_importhook
FN:96,99,install_importhook.undo
FNDA:1,install_importhook.undo
FN:105,112,pytest_collection
FNDA:1,pytest_collection
FN:116,168,pytest_runtest_protocol
FNDA:1,pytest_runtest_protocol
FN:126,152,pytest_runtest_protocol.callbinrepr
FNDA:0,pytest_runtest_protocol.callbinrepr
FN:160,161,pytest_runtest_protocol.call_assertion_pass_hook
FNDA:0,pytest_runtest_protocol.call_assertion_pass_hook
FN:171,175,pytest_sessionfinish
FNDA:1,pytest_sessionfinish
FN:178,181,pytest_assertrepr_compare
FNDA:0,pytest_assertrepr_compare
FNF:12
FNH:8
end_of_record
SF:/Users/mandyarthur/Library/Python/3.9/lib/python/site-packages/_pytest/assertion/rewrite.py
DA:2,1
DA:3,1
DA:4,1
DA:5,1
DA:6,1
DA:7,1
DA:8,1
DA:9,1
DA:10,1
DA:11,1
DA:12,1
DA:13,1
DA:14,1
DA:15,1
DA:16,1
DA:17,1
DA:18,1
DA:19,1
DA:20,1
DA:21,1
DA:22,1
DA:23,1
DA:24,1
DA:25,1
DA:26,1
DA:27,1
DA:28,1
DA:29,1
DA:30,1
DA:32,1
DA:33,1
DA:34,1
DA:35,1
DA:36,1
DA:39,1
DA:40,1
DA:41,1
DA:42,1
DA:43,1
DA:45,1
DA:46,0
DA:48,1
DA:49,1
DA:50,1
DA:51,1
DA:52,1
DA:54,0
DA:55,0
DA:56,0
DA:57,0
DA:60,1
DA:61,1
DA:64,1
DA:67,1
DA:68,1
DA:69,1
DA:72,1
DA:75,1
DA:78,1
DA:79,1
DA:80,1
DA:81,1
DA:82,0
DA:83,0
DA:84,1
DA:85,1
DA:86,1
DA:89,1
DA:90,1
DA:91,1
DA:92,1
DA:94,1
DA:95,1
DA:96,1
DA:99,1
DA:101,1
DA:107,1
DA:108,0
DA:109,1
DA:110,1
DA:111,1
DA:112,1
DA:115,1
DA:116,1
DA:127,0
DA:129,1
DA:131,1
DA:132,0
DA:134,1
DA:141,1
DA:144,1
DA:146,1
DA:147,1
DA:148,1
DA:149,1
DA:150,1
DA:152,1
DA:162,1
DA:163,1
DA:164,1
DA:165,1
DA:166,1
DA:167,0
DA:168,0
DA:170,1
DA:171,1
DA:174,1
DA:175,1
DA:176,1
DA:177,1
DA:178,1
DA:179,1
DA:180,1
DA:181,1
DA:183,1
DA:185,1
DA:186,1
DA:188,1
DA:196,1
DA:197,1
DA:198,1
DA:201,1
DA:203,1
DA:206,1
DA:207,1
DA:208,0
DA:211,1
DA:213,1
DA:216,1
DA:217,0
DA:218,1
DA:219,1
DA:221,1
DA:222,1
DA:224,1
DA:225,1
DA:227,1
DA:229,1
DA:230,0
DA:231,0
DA:233,1
DA:234,1
DA:235,0
DA:236,0
DA:240,1
DA:241,1
DA:242,1
DA:243,1
DA:244,1
DA:246,1
DA:248,1
DA:249,1
DA:250,1
DA:251,1
DA:252,1
DA:253,1
DA:254,1
DA:255,1
DA:256,1
DA:258,1
DA:259,1
DA:261,1
DA:267,1
DA:270,1
DA:271,0
DA:272,0
DA:275,0
DA:276,1
DA:277,1
DA:279,1
DA:280,0
DA:282,0
DA:289,1
DA:291,0
DA:292,0
DA:294,1
DA:295,0
DA:296,0
DA:298,0
DA:300,0
DA:301,0
DA:302,0
DA:304,0
DA:306,0
DA:311,1
DA:317,1
DA:319,1
DA:320,1
DA:322,1
DA:323,1
DA:325,1
DA:326,1
DA:329,1
DA:335,1
DA:336,1
DA:337,1
DA:338,1
DA:339,0
DA:340,0
DA:341,0
DA:343,1
DA:344,1
DA:345,0
DA:346,0
DA:350,0
DA:351,1
DA:354,1
DA:356,1
DA:357,1
DA:358,1
DA:359,1
DA:360,1
DA:361,1
DA:362,1
DA:365,1
DA:372,1
DA:373,1
DA:374,0
DA:375,0
DA:376,1
DA:377,1
DA:378,1
DA:379,1
DA:380,1
DA:381,1
DA:382,0
DA:383,0
DA:384,0
DA:386,1
DA:387,0
DA:388,0
DA:389,1
DA:390,0
DA:391,0
DA:392,1
DA:393,0
DA:394,0
DA:395,1
DA:396,1
DA:397,1
DA:398,1
DA:399,1
DA:400,1
DA:401,0
DA:402,0
DA:403,1
DA:404,1
DA:405,0
DA:406,0
DA:407,0
DA:408,1
DA:409,0
DA:410,0
DA:411,1
DA:414,1
DA:421,1
DA:424,1
DA:434,0
DA:435,0
DA:438,1
DA:440,0
DA:441,0
DA:442,0
DA:443,0
DA:444,0
DA:445,0
DA:448,1
DA:459,0
DA:460,0
DA:461,0
DA:462,0
DA:464,0
DA:465,0
DA:467,0
DA:470,1
DA:471,0
DA:472,0
DA:474,0
DA:475,0
DA:476,0
DA:477,0
DA:480,1
DA:481,0
DA:482,0
DA:485,1
DA:491,0
DA:492,0
DA:493,0
DA:494,0
DA:495,0
DA:496,0
DA:497,0
DA:498,0
DA:499,0
DA:500,0
DA:501,0
DA:502,0
DA:505,1
DA:506,0
DA:507,0
DA:510,1
DA:513,0
DA:516,1
DA:518,1
DA:545,1
DA:547,1
DA:548,1
DA:549,1
DA:552,1
DA:553,1
DA:555,0
DA:557,0
DA:558,0
DA:559,0
DA:560,0
DA:562,0
DA:564,0
DA:565,0
DA:566,0
DA:567,0
DA:568,0
DA:569,0
DA:571,0
DA:572,0
DA:573,0
DA:574,0
DA:575,0
DA:577,0
DA:578,0
DA:579,0
DA:580,0
DA:582,0
DA:583,0
DA:584,0
DA:586,0
DA:588,0
DA:589,0
DA:590,0
DA:592,0
DA:593,0
DA:596,0
DA:597,0
DA:598,0
DA:599,0
DA:600,0
DA:601,0
DA:602,0
DA:604,0
DA:607,1
DA:666,1
DA:669,1
DA:670,1
DA:671,1
DA:672,1
DA:673,1
DA:677,0
DA:678,1
DA:679,1
DA:680,1
DA:684,1
DA:686,1
DA:688,0
DA:692,1
DA:693,1
DA:694,1
DA:695,0
DA:696,1
DA:697,1
DA:698,1
DA:699,1
DA:704,0
DA:705,0
DA:707,0
DA:708,0
DA:709,0
DA:710,0
DA:711,1
DA:716,0
DA:718,1
DA:719,0
DA:722,1
DA:723,0
DA:725,1
DA:727,1
DA:728,0
DA:738,1
DA:742,1
DA:745,1
DA:748,1
DA:749,1
DA:750,1
DA:751,1
DA:752,1
DA:753,1
DA:754,1
DA:755,1
DA:756,1
DA:757,1
DA:758,1
DA:759,1
DA:760,1
DA:761,1
DA:762,1
DA:763,1
DA:765,1
DA:767,1
DA:768,1
DA:769,1
DA:770,1
DA:771,1
DA:777,1
DA:779,1
DA:780,1
DA:781,0
DA:783,1
DA:786,1
DA:787,1
DA:788,1
DA:790,1
DA:792,1
DA:793,1
DA:794,1
DA:796,1
DA:798,1
DA:800,1
DA:802,1
DA:803,1
DA:804,1
DA:806,1
DA:808,1
DA:809,1
DA:811,1
DA:819,1
DA:820,1
DA:821,1
DA:823,1
DA:833,1
DA:834,1
DA:836,1
DA:844,1
DA:845,1
DA:846,1
DA:847,1
DA:848,1
DA:849,1
DA:850,1
DA:851,1
DA:852,0
DA:853,1
DA:854,1
DA:856,1
DA:858,1
DA:859,1
DA:860,1
DA:862,1
DA:870,1
DA:871,0
DA:872,0
DA:875,0
DA:876,0
DA:885,1
DA:886,1
DA:887,1
DA:889,1
DA:890,0
DA:892,1
DA:893,1
DA:894,1
DA:896,1
DA:898,1
DA:900,1
DA:901,0
DA:904,0
DA:905,0
DA:906,0
DA:908,0
DA:909,0
DA:910,0
DA:911,0
DA:912,0
DA:913,0
DA:914,0
DA:915,0
DA:916,0
DA:917,0
DA:918,0
DA:921,0
DA:922,0
DA:923,0
DA:932,0
DA:937,0
DA:940,0
DA:941,0
DA:942,0
DA:943,0
DA:946,0
DA:947,0
DA:951,1
DA:952,1
DA:953,1
DA:954,0
DA:955,0
DA:957,1
DA:958,1
DA:959,1
DA:960,1
DA:961,1
DA:962,1
DA:963,1
DA:964,1
DA:966,1
DA:969,1
DA:970,1
DA:971,1
DA:972,1
DA:974,1
DA:975,1
DA:976,1
DA:977,1
DA:979,1
DA:983,0
DA:984,0
DA:985,0
DA:986,0
DA:987,0
DA:988,0
DA:989,0
DA:991,1
DA:994,1
DA:995,1
DA:996,1
DA:997,1
DA:998,1
DA:999,1
DA:1001,1
DA:1002,0
DA:1003,0
DA:1004,0
DA:1005,0
DA:1006,0
DA:1007,0
DA:1008,0
DA:1009,0
DA:1011,0
DA:1012,0
DA:1013,0
DA:1015,0
DA:1016,0
DA:1018,0
DA:1028,0
DA:1029,0
DA:1032,0
DA:1033,0
DA:1034,0
DA:1035,0
DA:1036,0
DA:1037,0
DA:1038,0
DA:1039,0
DA:1040,0
DA:1041,0
DA:1042,0
DA:1043,0
DA:1044,0
DA:1045,0
DA:1046,0
DA:1047,0
DA:1048,0
DA:1049,0
DA:1050,0
DA:1052,1
DA:1053,0
DA:1054,0
DA:1055,0
DA:1056,0
DA:1058,1
DA:1059,0
DA:1060,0
DA:1061,0
DA:1062,0
DA:1063,0
DA:1064,0
DA:1066,1
DA:1067,1
DA:1068,1
DA:1069,1
DA:1070,1
DA:1071,1
DA:1072,1
DA:1075,0
DA:1078,1
DA:1079,1
DA:1080,1
DA:1081,1
DA:1082,0
DA:1085,0
DA:1088,0
DA:1089,0
DA:1090,0
DA:1091,0
DA:1093,0
DA:1095,1
DA:1096,1
DA:1097,1
DA:1098,1
DA:1099,1
DA:1100,1
DA:1102,1
DA:1104,0
DA:1105,0
DA:1106,0
DA:1108,1
DA:1109,0
DA:1110,0
DA:1111,0
DA:1112,0
DA:1113,0
DA:1114,0
DA:1115,0
DA:1116,0
DA:1118,1
DA:1119,1
DA:1121,1
DA:1124,0
DA:1127,1
DA:1128,0
DA:1131,1
DA:1132,1
DA:1133,0
DA:1134,1
DA:1135,1
DA:1136,1
DA:1137,1
DA:1138,1
DA:1139,1
DA:1140,1
DA:1141,1
DA:1142,1
DA:1147,0
DA:1148,0
DA:1151,1
DA:1152,1
DA:1153,0
DA:1154,1
DA:1155,1
DA:1156,1
DA:1157,1
DA:1158,1
DA:1159,1
DA:1160,1
DA:1161,1
DA:1163,1
DA:1170,1
DA:1171,0
DA:1173,1
DA:1175,1
DA:1178,1
DA:1183,1
DA:1184,1
DA:1185,0
DA:1189,0
DA:1190,0
DA:1191,0
DA:1192,0
DA:1194,0
DA:1195,0
DA:1196,0
DA:1197,1
DA:1200,1
DA:1202,1
DA:1208,1
DA:1211,0
LF:672
LH:404
FN:78,92,AssertionRewritingHook.__init__
FNDA:1,AssertionRewritingHook.__init__
FN:94,96,AssertionRewritingHook.set_session
FNDA:1,AssertionRewritingHook.set_session
FN:101,139,AssertionRewritingHook.find_spec
FNDA:1,AssertionRewritingHook.find_spec
FN:141,144,AssertionRewritingHook.create_module
FNDA:1,AssertionRewritingHook.create_module
FN:146,186,AssertionRewritingHook.exec_module
FNDA:1,AssertionRewritingHook.exec_module
FN:188,225,AssertionRewritingHook._early_rewrite_bailout
FNDA:1,AssertionRewritingHook._early_rewrite_bailout
FN:227,246,AssertionRewritingHook._should_rewrite
FNDA:1,AssertionRewritingHook._should_rewrite
FN:248,259,AssertionRewritingHook._is_marked_for_rewrite
FNDA:1,AssertionRewritingHook._is_marked_for_rewrite
FN:261,277,AssertionRewritingHook.mark_rewrite
FNDA:1,AssertionRewritingHook.mark_rewrite
FN:279,287,AssertionRewritingHook._warn_already_imported
FNDA:0,AssertionRewritingHook._warn_already_imported
FN:289,292,AssertionRewritingHook.get_data
FNDA:0,AssertionRewritingHook.get_data
FN:300,308,AssertionRewritingHook.get_resource_reader
FNDA:0,AssertionRewritingHook.get_resource_reader
FN:311,326,_write_pyc_fp
FNDA:1,_write_pyc_fp
FN:329,351,_write_pyc
FNDA:1,_write_pyc
FN:354,362,_rewrite_test
FNDA:1,_rewrite_test
FN:365,411,_read_pyc
FNDA:1,_read_pyc
FN:414,421,rewrite_asserts
FNDA:1,rewrite_asserts
FN:424,435,_saferepr
FNDA:0,_saferepr
FN:438,445,_get_maxsize_for_saferepr
FNDA:0,_get_maxsize_for_saferepr
FN:448,467,_format_assertmsg
FNDA:0,_format_assertmsg
FN:470,477,_should_repr_global_name
FNDA:0,_should_repr_global_name
FN:480,482,_format_boolop
FNDA:0,_format_boolop
FN:485,502,_call_reprcompare
FNDA:0,_call_reprcompare
FN:505,507,_call_assertion_pass
FNDA:0,_call_assertion_pass
FN:510,513,_check_if_assertion_pass_impl
FNDA:0,_check_if_assertion_pass_impl
FN:545,549,traverse_node
FNDA:1,traverse_node
FN:553,604,_get_assertion_exprs
FNDA:0,_get_assertion_exprs
FN:562,569,_get_assertion_exprs._write_and_reset
FNDA:0,_get_assertion_exprs._write_and_reset
FN:666,682,AssertionRewriter.__init__
FNDA:1,AssertionRewriter.__init__
FN:684,777,AssertionRewriter.run
FNDA:1,AssertionRewriter.run
FN:780,781,AssertionRewriter.is_rewrite_disabled
FNDA:0,AssertionRewriter.is_rewrite_disabled
FN:783,788,AssertionRewriter.variable
FNDA:1,AssertionRewriter.variable
FN:790,794,AssertionRewriter.assign
FNDA:1,AssertionRewriter.assign
FN:796,798,AssertionRewriter.display
FNDA:1,AssertionRewriter.display
FN:800,804,AssertionRewriter.helper
FNDA:1,AssertionRewriter.helper
FN:806,809,AssertionRewriter.builtin
FNDA:1,AssertionRewriter.builtin
FN:811,821,AssertionRewriter.explanation_param
FNDA:1,AssertionRewriter.explanation_param
FN:823,834,AssertionRewriter.push_format_context
FNDA:1,AssertionRewriter.push_format_context
FN:836,854,AssertionRewriter.pop_format_context
FNDA:1,AssertionRewriter.pop_format_context
FN:856,860,AssertionRewriter.generic_visit
FNDA:1,AssertionRewriter.generic_visit
FN:862,977,AssertionRewriter.visit_Assert
FNDA:1,AssertionRewriter.visit_Assert
FN:979,989,AssertionRewriter.visit_NamedExpr
FNDA:0,AssertionRewriter.visit_NamedExpr
FN:991,999,AssertionRewriter.visit_Name
FNDA:1,AssertionRewriter.visit_Name
FN:1001,1050,AssertionRewriter.visit_BoolOp
FNDA:0,AssertionRewriter.visit_BoolOp
FN:1052,1056,AssertionRewriter.visit_UnaryOp
FNDA:0,AssertionRewriter.visit_UnaryOp
FN:1058,1064,AssertionRewriter.visit_BinOp
FNDA:0,AssertionRewriter.visit_BinOp
FN:1066,1100,AssertionRewriter.visit_Call
FNDA:1,AssertionRewriter.visit_Call
FN:1102,1106,AssertionRewriter.visit_Starred
FNDA:0,AssertionRewriter.visit_Starred
FN:1108,1116,AssertionRewriter.visit_Attribute
FNDA:0,AssertionRewriter.visit_Attribute
FN:1118,1175,AssertionRewriter.visit_Compare
FNDA:1,AssertionRewriter.visit_Compare
FN:1178,1197,try_makedirs
FNDA:1,try_makedirs
FN:1200,1211,get_cache_dir
FNDA:1,get_cache_dir
FNF:52
FNH:32
end_of_record
SF:/Users/mandyarthur/Library/Python/3.9/lib/python/site-packages/_pytest/assertion/truncate.py
DA:6,1
DA:7,1
DA:9,1
DA:10,1
DA:13,1
DA:14,1
DA:15,1
DA:18,1
DA:22,0
DA:23,0
DA:24,0
DA:27,1
DA:29,0
DA:30,0
DA:33,1
DA:44,0
DA:45,0
DA:46,0
DA:47,0
DA:50,0
DA:62,0
DA:66,0
DA:67,0
DA:71,0
DA:73,0
DA:74,0
DA:76,0
DA:77,0
DA:81,0
DA:83,0
DA:84,0
DA:86,0
DA:87,0
DA:89,0
DA:92,0
DA:93,0
DA:100,1
DA:102,0
DA:103,0
DA:104,0
DA:105,0
DA:106,0
DA:109,0
DA:110,0
DA:111,0
DA:112,0
DA:113,0
DA:114,0
DA:115,0
LF:49
LH:11
FN:18,24,truncate_if_required
FNDA:0,truncate_if_required
FN:27,30,_should_truncate_item
FNDA:0,_should_truncate_item
FN:33,97,_truncate_explanation
FNDA:0,_truncate_explanation
FN:100,115,_truncate_by_char_count
FNDA:0,_truncate_by_char_count
FNF:4
FNH:0
end_of_record
SF:/Users/mandyarthur/Library/Python/3.9/lib/python/site-packages/_pytest/assertion/util.py
DA:2,1
DA:3,1
DA:4,1
DA:5,1
DA:6,1
DA:7,1
DA:8,1
DA:9,1
DA:10,1
DA:11,1
DA:12,1
DA:13,1
DA:15,1
DA:16,1
DA:17,1
DA:18,1
DA:19,1
DA:20,1
DA:26,1
DA:30,1
DA:33,1
DA:36,1
DA:46,0
DA:47,0
DA:48,0
DA:51,1
DA:58,0
DA:59,0
DA:60,0
DA:61,0
DA:62,0
DA:64,0
DA:65,0
DA:68,1
DA:77,0
DA:78,0
DA:79,0
DA:80,0
DA:81,0
DA:82,0
DA:83,0
DA:85,0
DA:86,0
DA:87,0
DA:88,0
DA:89,0
DA:90,0
DA:91,0
DA:92,0
DA:93,0
DA:95,0
DA:96,0
DA:97,0
DA:98,0
DA:99,0
DA:100,0
DA:103,1
DA:104,0
DA:107,1
DA:108,0
DA:111,1
DA:112,0
DA:115,1
DA:116,0
DA:119,1
DA:120,0
DA:123,1
DA:124,0
DA:127,1
DA:128,0
DA:131,1
DA:132,0
DA:133,0
DA:134,0
DA:135,0
DA:136,0
DA:139,1
DA:150,0
DA:151,0
DA:153,0
DA:154,0
DA:156,0
DA:157,0
DA:160,1
DA:164,0
DA:168,0
DA:174,0
DA:175,0
DA:176,0
DA:180,0
DA:184,0
DA:185,0
DA:187,0
DA:189,0
DA:190,0
DA:191,0
DA:192,0
DA:193,0
DA:194,0
DA:195,0
DA:196,0
DA:197,0
DA:198,0
DA:199,0
DA:206,0
DA:207,0
DA:209,0
DA:212,1
DA:213,0
DA:214,0
DA:215,0
DA:217,0
DA:219,0
DA:221,0
DA:222,0
DA:224,0
DA:225,0
DA:232,0
DA:233,0
DA:234,0
DA:235,0
DA:236,0
DA:237,0
DA:238,0
DA:240,0
DA:241,0
DA:242,0
DA:244,0
DA:247,1
DA:253,0
DA:255,0
DA:257,0
DA:258,0
DA:259,0
DA:260,0
DA:261,0
DA:262,0
DA:263,0
DA:264,0
DA:267,0
DA:268,0
DA:269,0
DA:270,0
DA:271,0
DA:272,0
DA:273,0
DA:274,0
DA:275,0
DA:279,0
DA:280,0
DA:281,0
DA:282,0
DA:283,0
DA:284,0
DA:285,0
DA:288,0
DA:292,0
DA:295,1
DA:297,0
DA:298,0
DA:299,0
DA:300,0
DA:301,0
DA:302,0
DA:303,0
DA:304,0
DA:307,1
DA:310,0
DA:311,0
DA:313,0
DA:315,0
DA:316,0
DA:319,0
DA:320,0
DA:321,0
DA:322,0
DA:323,0
DA:325,0
DA:326,0
DA:327,0
DA:329,0
DA:332,0
DA:335,0
DA:338,1
DA:341,0
DA:342,0
DA:343,0
DA:344,0
DA:345,0
DA:346,0
DA:347,0
DA:356,0
DA:357,0
DA:359,0
DA:360,0
DA:362,0
DA:363,0
DA:365,0
DA:369,0
DA:371,0
DA:372,0
DA:373,0
DA:374,0
DA:375,0
DA:377,0
DA:378,0
DA:379,0
DA:381,0
DA:382,0
DA:384,0
DA:388,0
DA:391,1
DA:394,0
DA:395,0
DA:396,0
DA:397,0
DA:398,0
DA:399,0
DA:400,0
DA:401,0
DA:402,0
DA:403,0
DA:404,0
DA:405,0
DA:408,1
DA:411,0
DA:412,0
DA:413,0
DA:414,0
DA:415,0
DA:416,0
DA:417,0
DA:418,0
DA:419,0
DA:420,0
DA:421,0
DA:422,0
DA:423,0
DA:424,0
DA:425,0
DA:426,0
DA:427,0
DA:428,0
DA:429,0
DA:433,0
DA:436,0
DA:437,0
DA:438,0
DA:439,0
DA:443,0
DA:446,0
DA:449,1
DA:450,0
DA:451,0
DA:452,0
DA:453,0
DA:455,0
DA:456,0
DA:457,0
DA:458,0
DA:459,0
DA:460,0
DA:461,0
DA:463,0
DA:465,0
DA:466,0
DA:467,0
DA:468,0
DA:469,0
DA:470,0
DA:472,0
DA:474,0
DA:475,0
DA:476,0
DA:477,0
DA:478,0
DA:479,0
DA:480,0
DA:481,0
DA:482,0
DA:483,0
DA:484,0
DA:485,0
DA:486,0
DA:487,0
DA:488,0
DA:493,0
DA:497,0
DA:500,1
DA:501,0
DA:502,0
DA:503,0
DA:504,0
DA:505,0
DA:506,0
DA:507,0
DA:508,0
DA:509,0
DA:510,0
DA:511,0
DA:512,0
DA:513,0
DA:515,0
DA:516,0
DA:519,1
DA:521,0
DA:522,0
LF:307
LH:44
FN:36,48,format_explanation
FNDA:0,format_explanation
FN:51,65,_split_explanation
FNDA:0,_split_explanation
FN:68,100,_format_lines
FNDA:0,_format_lines
FN:103,104,issequence
FNDA:0,issequence
FN:107,108,istext
FNDA:0,istext
FN:111,112,isdict
FNDA:0,isdict
FN:115,116,isset
FNDA:0,isset
FN:119,120,isnamedtuple
FNDA:0,isnamedtuple
FN:123,124,isdatacls
FNDA:0,isdatacls
FN:127,128,isattrs
FNDA:0,isattrs
FN:131,136,isiterable
FNDA:0,isiterable
FN:139,157,has_default_eq
FNDA:0,has_default_eq
FN:160,209,assertrepr_compare
FNDA:0,assertrepr_compare
FN:212,244,_compare_eq_any
FNDA:0,_compare_eq_any
FN:247,292,_diff_text
FNDA:0,_diff_text
FN:295,304,_surrounding_parens_on_own_lines
FNDA:0,_surrounding_parens_on_own_lines
FN:307,335,_compare_eq_iterable
FNDA:0,_compare_eq_iterable
FN:338,388,_compare_eq_sequence
FNDA:0,_compare_eq_sequence
FN:391,405,_compare_eq_set
FNDA:0,_compare_eq_set
FN:408,446,_compare_eq_dict
FNDA:0,_compare_eq_dict
FN:449,497,_compare_eq_cls
FNDA:0,_compare_eq_cls
FN:500,516,_notin_text
FNDA:0,_notin_text
FN:519,522,running_on_ci
FNDA:0,running_on_ci
FNF:23
FNH:0
end_of_record
SF:/Users/mandyarthur/Library/Python/3.9/lib/python/site-packages/_pytest/cacheprovider.py
DA:4,1
DA:5,1
DA:6,1
DA:7,1
DA:8,1
DA:9,1
DA:10,1
DA:11,1
DA:12,1
DA:13,1
DA:14,1
DA:16,1
DA:17,1
DA:18,1
DA:19,1
DA:20,1
DA:21,1
DA:22,1
DA:23,1
DA:24,1
DA:25,1
DA:26,1
DA:27,1
DA:28,1
DA:29,1
DA:30,1
DA:31,1
DA:32,1
DA:34,1
DA:45,1
DA:53,1
DA:54,1
DA:55,1
DA:58,1
DA:59,1
DA:62,1
DA:65,1
DA:67,1
DA:70,1
DA:71,1
DA:72,1
DA:74,1
DA:75,1
DA:80,1
DA:81,1
DA:82,1
DA:83,0
DA:84,1
DA:86,1
DA:87,1
DA:92,0
DA:93,0
DA:94,0
DA:95,0
DA:96,0
DA:98,1
DA:99,1
DA:104,1
DA:105,1
DA:107,1
DA:112,0
DA:113,0
DA:114,0
DA:116,0
DA:122,1
DA:136,0
DA:137,0
DA:138,0
DA:139,0
DA:140,0
DA:141,0
DA:143,1
DA:144,1
DA:146,1
DA:158,1
DA:159,1
DA:160,1
DA:161,1
DA:162,1
DA:163,1
DA:165,1
DA:175,1
DA:176,1
DA:177,1
DA:178,1
DA:180,0
DA:181,0
DA:182,0
DA:183,0
DA:187,0
DA:188,1
DA:189,0
DA:190,1
DA:191,1
DA:192,1
DA:193,0
DA:194,0
DA:199,1
DA:200,1
DA:202,1
DA:204,0
DA:205,0
DA:207,0
DA:208,0
DA:209,0
DA:211,0
DA:212,0
DA:215,1
DA:216,1
DA:217,0
DA:218,0
DA:220,1
DA:221,1
DA:222,0
DA:223,0
DA:224,0
DA:227,0
DA:230,0
DA:232,0
DA:233,0
DA:235,0
DA:236,0
DA:238,0
DA:243,0
DA:245,0
DA:246,0
DA:247,0
DA:248,0
DA:249,0
DA:250,0
DA:253,0
DA:254,0
DA:255,0
DA:256,0
DA:259,0
DA:261,0
DA:262,0
DA:271,0
DA:272,0
DA:275,1
DA:276,1
DA:277,0
DA:279,1
DA:280,1
DA:285,0
DA:286,0
DA:287,0
DA:289,0
DA:292,0
DA:295,1
DA:298,1
DA:299,1
DA:300,1
DA:301,1
DA:302,1
DA:303,1
DA:304,1
DA:305,1
DA:306,1
DA:308,1
DA:309,0
DA:310,0
DA:314,1
DA:317,0
DA:318,0
DA:319,0
DA:320,0
DA:321,0
DA:322,0
DA:323,0
DA:325,1
DA:326,1
DA:327,0
DA:328,1
DA:330,1
DA:331,1
DA:332,1
DA:333,1
DA:334,0
DA:336,1
DA:337,1
DA:338,1
DA:339,1
DA:340,0
DA:341,0
DA:343,0
DA:345,1
DA:346,1
DA:349,1
DA:351,1
DA:352,1
DA:354,0
DA:355,0
DA:356,0
DA:357,0
DA:358,0
DA:359,0
DA:361,0
DA:362,0
DA:364,0
DA:367,0
DA:371,0
DA:372,0
DA:373,0
DA:375,0
DA:377,0
DA:378,0
DA:379,0
DA:383,0
DA:384,0
DA:385,0
DA:389,0
DA:390,0
DA:391,0
DA:392,0
DA:393,0
DA:395,0
DA:397,1
DA:398,1
DA:399,1
DA:400,0
DA:402,1
DA:403,1
DA:404,1
DA:405,0
DA:408,1
DA:411,1
DA:412,1
DA:413,1
DA:414,1
DA:415,1
DA:417,1
DA:418,1
DA:421,1
DA:423,1
DA:424,0
DA:425,0
DA:426,0
DA:427,0
DA:428,0
DA:430,0
DA:432,0
DA:435,0
DA:437,1
DA:439,1
DA:440,0
DA:442,1
DA:443,1
DA:444,1
DA:445,0
DA:447,1
DA:448,0
DA:450,1
DA:451,1
DA:454,1
DA:455,1
DA:456,1
DA:464,1
DA:473,1
DA:481,1
DA:491,1
DA:497,1
DA:498,1
DA:499,0
DA:500,1
DA:501,1
DA:516,1
DA:517,1
DA:518,0
DA:520,0
DA:521,1
DA:524,1
DA:525,1
DA:526,1
DA:527,1
DA:528,1
DA:531,1
DA:532,1
DA:543,0
DA:544,0
DA:547,1
DA:549,1
DA:550,0
DA:551,0
DA:555,0
DA:556,0
DA:557,0
DA:558,0
DA:559,0
DA:560,1
DA:563,1
DA:564,0
DA:566,0
DA:568,0
DA:569,0
DA:570,0
DA:571,0
DA:572,0
DA:574,0
DA:575,0
DA:576,0
DA:578,0
DA:579,0
DA:580,0
DA:581,0
DA:582,0
DA:583,0
DA:584,0
DA:585,0
DA:586,0
DA:588,0
DA:589,0
DA:590,0
DA:592,0
DA:593,0
DA:594,0
DA:595,0
DA:596,0
DA:599,0
DA:600,0
DA:601,0
DA:602,0
LF:322
LH:161
FN:67,72,Cache.__init__
FNDA:1,Cache.__init__
FN:75,84,Cache.for_config
FNDA:1,Cache.for_config
FN:87,96,Cache.clear_cache
FNDA:0,Cache.clear_cache
FN:99,105,Cache.cache_dir_from_config
FNDA:1,Cache.cache_dir_from_config
FN:107,120,Cache.warn
FNDA:0,Cache.warn
FN:122,141,Cache.mkdir
FNDA:0,Cache.mkdir
FN:143,144,Cache._getvaluepath
FNDA:1,Cache._getvaluepath
FN:146,163,Cache.get
FNDA:1,Cache.get
FN:165,200,Cache.set
FNDA:1,Cache.set
FN:202,212,Cache._ensure_supporting_files
FNDA:0,Cache._ensure_supporting_files
FN:216,218,LFPluginCollWrapper.__init__
FNDA:0,LFPluginCollWrapper.__init__
FN:221,272,LFPluginCollWrapper.pytest_make_collect_report
FNDA:0,LFPluginCollWrapper.pytest_make_collect_report
FN:230,236,LFPluginCollWrapper.pytest_make_collect_report.sort_key
FNDA:0,LFPluginCollWrapper.pytest_make_collect_report.sort_key
FN:276,277,LFPluginCollSkipfiles.__init__
FNDA:0,LFPluginCollSkipfiles.__init__
FN:280,292,LFPluginCollSkipfiles.pytest_make_collect_report
FNDA:0,LFPluginCollSkipfiles.pytest_make_collect_report
FN:298,312,LFPlugin.__init__
FNDA:1,LFPlugin.__init__
FN:314,323,LFPlugin.get_last_failed_paths
FNDA:0,LFPlugin.get_last_failed_paths
FN:325,328,LFPlugin.pytest_report_collectionfinish
FNDA:1,LFPlugin.pytest_report_collectionfinish
FN:330,334,LFPlugin.pytest_runtest_logreport
FNDA:1,LFPlugin.pytest_runtest_logreport
FN:336,343,LFPlugin.pytest_collectreport
FNDA:1,LFPlugin.pytest_collectreport
FN:346,395,LFPlugin.pytest_collection_modifyitems
FNDA:1,LFPlugin.pytest_collection_modifyitems
FN:397,405,LFPlugin.pytest_sessionfinish
FNDA:1,LFPlugin.pytest_sessionfinish
FN:411,415,NFPlugin.__init__
FNDA:1,NFPlugin.__init__
FN:418,437,NFPlugin.pytest_collection_modifyitems
FNDA:1,NFPlugin.pytest_collection_modifyitems
FN:439,440,NFPlugin._get_increasing_order
FNDA:0,NFPlugin._get_increasing_order
FN:442,451,NFPlugin.pytest_sessionfinish
FNDA:1,NFPlugin.pytest_sessionfinish
FN:454,513,pytest_addoption
FNDA:1,pytest_addoption
FN:516,521,pytest_cmdline_main
FNDA:1,pytest_cmdline_main
FN:525,528,pytest_configure
FNDA:1,pytest_configure
FN:532,544,cache
FNDA:0,cache
FN:547,560,pytest_report_header
FNDA:1,pytest_report_header
FN:563,602,cacheshow
FNDA:0,cacheshow
FNF:32
FNH:19
end_of_record
SF:/Users/mandyarthur/Library/Python/3.9/lib/python/site-packages/_pytest/capture.py
DA:2,1
DA:3,1
DA:4,1
DA:5,1
DA:6,1
DA:7,1
DA:8,1
DA:9,1
DA:10,1
DA:11,1
DA:12,1
DA:13,1
DA:14,1
DA:15,1
DA:16,1
DA:17,1
DA:18,1
DA:19,1
DA:20,1
DA:21,1
DA:22,1
DA:23,1
DA:24,1
DA:25,1
DA:27,1
DA:28,1
DA:29,1
DA:30,1
DA:31,1
DA:32,1
DA:33,1
DA:34,1
DA:35,1
DA:36,1
DA:38,1
DA:39,0
DA:40,0
DA:42,0
DA:45,1
DA:46,1
DA:47,1
DA:55,1
DA:64,1
DA:72,1
DA:73,0
DA:74,0
DA:75,0
DA:76,0
DA:79,1
DA:103,1
DA:104,1
DA:107,0
DA:108,0
DA:110,0
DA:111,0
DA:113,0
DA:114,0
DA:116,0
DA:117,0
DA:118,0
DA:120,0
DA:122,0
DA:130,0
DA:131,0
DA:132,0
DA:135,1
DA:136,1
DA:137,1
DA:138,1
DA:139,1
DA:140,1
DA:141,1
DA:142,1
DA:143,1
DA:146,1
DA:149,1
DA:150,1
DA:151,1
DA:152,1
DA:153,0
DA:154,0
DA:155,0
DA:161,1
DA:162,1
DA:164,1
DA:165,1
DA:168,0
DA:170,1
DA:171,1
DA:174,0
DA:177,1
DA:178,1
DA:179,0
DA:181,1
DA:182,0
DA:183,0
DA:186,1
DA:187,1
DA:188,0
DA:189,0
DA:191,1
DA:192,0
DA:193,0
DA:196,1
DA:197,1
DA:198,1
DA:199,0
DA:201,1
DA:202,0
DA:206,1
DA:208,1
DA:209,0
DA:211,1
DA:212,0
DA:216,1
DA:217,0
DA:219,1
DA:220,0
DA:222,1
DA:223,0
DA:225,1
DA:226,0
DA:228,1
DA:229,1
DA:231,1
DA:232,0
DA:234,1
DA:235,0
DA:237,1
DA:238,0
DA:240,1
DA:241,0
DA:243,1
DA:244,0
DA:246,1
DA:247,0
DA:249,1
DA:250,0
DA:252,1
DA:253,0
DA:255,1
DA:256,0
DA:258,1
DA:264,0
DA:266,1
DA:267,1
DA:269,0
DA:275,1
DA:276,1
DA:278,1
DA:279,1
DA:280,0
DA:282,1
DA:283,1
DA:284,0
DA:286,1
DA:287,1
DA:288,0
DA:290,1
DA:291,1
DA:292,0
DA:294,1
DA:295,1
DA:296,0
DA:298,1
DA:299,1
DA:300,0
DA:302,1
DA:303,1
DA:304,0
DA:307,1
DA:310,1
DA:311,1
DA:313,1
DA:314,0
DA:316,1
DA:317,0
DA:319,1
DA:320,0
DA:322,1
DA:323,0
DA:325,1
DA:326,0
DA:328,1
DA:329,0
DA:331,1
DA:332,0
DA:335,1
DA:336,1
DA:339,1
DA:340,1
DA:341,1
DA:342,1
DA:343,1
DA:344,1
DA:346,0
DA:347,1
DA:348,1
DA:350,1
DA:351,0
DA:359,1
DA:360,0
DA:368,1
DA:369,1
DA:375,1
DA:376,1
DA:377,1
DA:378,1
DA:380,1
DA:381,1
DA:382,1
DA:383,0
DA:384,1
DA:385,1
DA:386,1
DA:387,1
DA:389,1
DA:390,1
DA:391,1
DA:392,1
DA:394,1
DA:395,1
DA:396,1
DA:397,0
DA:398,1
DA:399,1
DA:402,1
DA:403,1
DA:405,1
DA:406,0
DA:407,0
DA:408,0
DA:409,0
DA:410,0
DA:411,0
DA:413,1
DA:414,0
DA:415,0
DA:416,0
DA:417,0
DA:420,1
DA:421,1
DA:423,1
DA:424,0
DA:425,0
DA:426,0
DA:427,0
DA:428,0
DA:429,0
DA:431,1
DA:432,0
DA:433,0
DA:434,0
DA:437,1
DA:438,1
DA:439,1
DA:441,1
DA:442,1
DA:443,0
DA:455,0
DA:456,0
DA:458,1
DA:459,1
DA:461,1
DA:462,1
DA:463,1
DA:465,1
DA:472,1
DA:473,1
DA:475,0
DA:477,1
DA:479,1
DA:480,0
DA:488,1
DA:489,1
DA:495,1
DA:497,1
DA:498,1
DA:499,1
DA:500,1
DA:502,1
DA:505,1
DA:506,1
DA:507,0
DA:508,1
DA:509,1
DA:510,1
DA:511,0
DA:512,0
DA:513,0
DA:514,1
DA:515,1
DA:516,1
DA:518,1
DA:519,1
DA:520,1
DA:521,0
DA:522,1
DA:523,1
DA:524,1
DA:526,1
DA:527,1
DA:528,1
DA:529,0
DA:530,1
DA:531,1
DA:532,1
DA:535,1
DA:541,1
DA:543,1
DA:544,0
DA:545,0
DA:546,0
DA:547,0
DA:548,0
DA:549,0
DA:551,1
DA:553,0
DA:554,0
DA:557,1
DA:563,1
DA:565,1
DA:566,1
DA:567,1
DA:568,1
DA:569,1
DA:570,1
DA:571,1
DA:573,1
DA:575,0
DA:577,0
DA:584,1
DA:586,0
DA:587,0
DA:590,0
DA:591,0
DA:595,1
DA:600,1
DA:603,1
DA:604,1
DA:605,1
DA:607,1
DA:613,1
DA:614,1
DA:615,1
DA:617,1
DA:618,0
DA:626,1
DA:627,1
DA:628,1
DA:629,1
DA:630,1
DA:631,1
DA:632,1
DA:633,1
DA:635,1
DA:637,1
DA:638,1
DA:639,0
DA:640,0
DA:641,1
DA:642,0
DA:643,0
DA:644,1
DA:646,1
DA:647,1
DA:648,1
DA:649,1
DA:650,1
DA:651,1
DA:652,1
DA:653,0
DA:654,0
DA:656,1
DA:657,1
DA:658,1
DA:659,1
DA:660,1
DA:661,1
DA:662,1
DA:663,0
DA:664,0
DA:665,0
DA:667,1
DA:669,1
DA:670,0
DA:671,1
DA:672,1
DA:673,1
DA:674,1
DA:675,1
DA:676,1
DA:677,1
DA:679,1
DA:681,0
DA:683,1
DA:684,1
DA:685,1
DA:687,1
DA:690,1
DA:691,1
DA:692,1
DA:693,0
DA:694,0
DA:695,0
DA:696,0
DA:697,0
DA:698,0
DA:701,0
DA:707,1
DA:726,1
DA:727,1
DA:728,1
DA:729,1
DA:731,1
DA:732,0
DA:736,1
DA:737,0
DA:738,0
DA:739,0
DA:740,0
DA:741,0
DA:745,1
DA:746,0
DA:748,1
DA:749,1
DA:750,1
DA:751,1
DA:753,1
DA:754,1
DA:755,1
DA:756,1
DA:757,1
DA:759,1
DA:762,1
DA:763,1
DA:765,1
DA:766,1
DA:767,1
DA:769,1
DA:771,0
DA:772,0
DA:774,1
DA:775,0
DA:776,0
DA:778,1
DA:779,1
DA:780,1
DA:784,1
DA:785,0
DA:786,0
DA:787,0
DA:788,0
DA:793,0
DA:795,1
DA:796,0
DA:798,1
DA:801,1
DA:802,0
DA:804,1
DA:806,1
DA:807,0
DA:809,1
DA:810,0
DA:811,0
DA:813,1
DA:814,0
DA:815,0
DA:819,1
DA:820,1
DA:822,0
DA:823,0
DA:824,0
DA:825,0
DA:826,0
DA:827,0
DA:828,0
DA:829,0
DA:831,0
DA:832,0
DA:833,0
DA:834,0
DA:836,1
DA:837,1
DA:838,1
DA:839,1
DA:840,1
DA:841,1
DA:843,1
DA:844,1
DA:846,1
DA:847,1
DA:848,1
DA:852,1
DA:853,1
DA:854,1
DA:855,1
DA:856,1
DA:857,1
DA:858,1
DA:859,1
DA:860,1
DA:861,0
DA:862,1
DA:863,0
DA:865,1
DA:867,1
DA:868,1
DA:869,1
DA:870,1
DA:872,1
DA:873,1
DA:874,1
DA:875,1
DA:877,1
DA:878,1
DA:879,1
DA:880,1
DA:882,1
DA:883,1
DA:884,0
DA:886,1
DA:887,1
DA:888,0
DA:891,1
DA:895,1
DA:902,0
DA:903,0
DA:904,0
DA:905,0
DA:906,0
DA:907,0
DA:909,1
DA:910,0
DA:911,0
DA:916,0
DA:918,1
DA:919,0
DA:920,0
DA:921,0
DA:922,0
DA:923,0
DA:924,0
DA:926,1
DA:934,0
DA:935,0
DA:936,0
DA:937,0
DA:938,0
DA:939,0
DA:940,0
DA:941,0
DA:943,1
DA:945,0
DA:946,0
DA:948,1
DA:950,0
DA:951,0
DA:953,1
DA:955,0
DA:956,0
DA:957,0
DA:959,1
DA:960,1
DA:962,0
DA:965,0
DA:966,0
DA:972,1
DA:973,1
DA:991,0
DA:992,0
DA:993,0
DA:994,0
DA:995,0
DA:996,0
DA:997,0
DA:1000,1
DA:1001,1
DA:1019,0
DA:1020,0
DA:1021,0
DA:1022,0
DA:1023,0
DA:1024,0
DA:1025,0
DA:1028,1
DA:1029,1
DA:1047,0
DA:1048,0
DA:1049,0
DA:1050,0
DA:1051,0
DA:1052,0
DA:1053,0
DA:1056,1
DA:1057,1
DA:1076,0
DA:1077,0
DA:1078,0
DA:1079,0
DA:1080,0
DA:1081,0
DA:1082,0
LF:603
LH:369
FN:45,61,pytest_addoption
FNDA:1,pytest_addoption
FN:64,76,_colorama_workaround
FNDA:1,_colorama_workaround
FN:79,132,_windowsconsoleio_workaround
FNDA:1,_windowsconsoleio_workaround
FN:116,128,_windowsconsoleio_workaround._reopen_stdio
FNDA:0,_windowsconsoleio_workaround._reopen_stdio
FN:136,155,pytest_load_initial_conftests
FNDA:1,pytest_load_initial_conftests
FN:165,168,EncodedFile.name
FNDA:0,EncodedFile.name
FN:171,174,EncodedFile.mode
FNDA:0,EncodedFile.mode
FN:178,179,CaptureIO.__init__
FNDA:0,CaptureIO.__init__
FN:181,183,CaptureIO.getvalue
FNDA:0,CaptureIO.getvalue
FN:187,189,TeeCaptureIO.__init__
FNDA:0,TeeCaptureIO.__init__
FN:191,193,TeeCaptureIO.write
FNDA:0,TeeCaptureIO.write
FN:198,199,DontReadFromInput.encoding
FNDA:0,DontReadFromInput.encoding
FN:201,204,DontReadFromInput.read
FNDA:0,DontReadFromInput.read
FN:208,209,DontReadFromInput.__next__
FNDA:0,DontReadFromInput.__next__
FN:211,214,DontReadFromInput.readlines
FNDA:0,DontReadFromInput.readlines
FN:216,217,DontReadFromInput.__iter__
FNDA:0,DontReadFromInput.__iter__
FN:219,220,DontReadFromInput.fileno
FNDA:0,DontReadFromInput.fileno
FN:222,223,DontReadFromInput.flush
FNDA:0,DontReadFromInput.flush
FN:225,226,DontReadFromInput.isatty
FNDA:0,DontReadFromInput.isatty
FN:228,229,DontReadFromInput.close
FNDA:1,DontReadFromInput.close
FN:231,232,DontReadFromInput.readable
FNDA:0,DontReadFromInput.readable
FN:234,235,DontReadFromInput.seek
FNDA:0,DontReadFromInput.seek
FN:237,238,DontReadFromInput.seekable
FNDA:0,DontReadFromInput.seekable
FN:240,241,DontReadFromInput.tell
FNDA:0,DontReadFromInput.tell
FN:243,244,DontReadFromInput.truncate
FNDA:0,DontReadFromInput.truncate
FN:246,247,DontReadFromInput.write
FNDA:0,DontReadFromInput.write
FN:249,250,DontReadFromInput.writelines
FNDA:0,DontReadFromInput.writelines
FN:252,253,DontReadFromInput.writable
FNDA:0,DontReadFromInput.writable
FN:255,256,DontReadFromInput.__enter__
FNDA:0,DontReadFromInput.__enter__
FN:258,264,DontReadFromInput.__exit__
FNDA:0,DontReadFromInput.__exit__
FN:267,269,DontReadFromInput.buffer
FNDA:0,DontReadFromInput.buffer
FN:279,280,CaptureBase.__init__
FNDA:0,CaptureBase.__init__
FN:283,284,CaptureBase.start
FNDA:0,CaptureBase.start
FN:287,288,CaptureBase.done
FNDA:0,CaptureBase.done
FN:291,292,CaptureBase.suspend
FNDA:0,CaptureBase.suspend
FN:295,296,CaptureBase.resume
FNDA:0,CaptureBase.resume
FN:299,300,CaptureBase.writeorg
FNDA:0,CaptureBase.writeorg
FN:303,304,CaptureBase.snap
FNDA:0,CaptureBase.snap
FN:313,314,NoCapture.__init__
FNDA:0,NoCapture.__init__
FN:316,317,NoCapture.start
FNDA:0,NoCapture.start
FN:319,320,NoCapture.done
FNDA:0,NoCapture.done
FN:322,323,NoCapture.suspend
FNDA:0,NoCapture.suspend
FN:325,326,NoCapture.resume
FNDA:0,NoCapture.resume
FN:328,329,NoCapture.snap
FNDA:0,NoCapture.snap
FN:331,332,NoCapture.writeorg
FNDA:0,NoCapture.writeorg
FN:336,348,SysCaptureBase.__init__
FNDA:1,SysCaptureBase.__init__
FN:350,357,SysCaptureBase.repr
FNDA:0,SysCaptureBase.repr
FN:359,366,SysCaptureBase.__repr__
FNDA:0,SysCaptureBase.__repr__
FN:368,373,SysCaptureBase._assert_state
FNDA:1,SysCaptureBase._assert_state
FN:375,378,SysCaptureBase.start
FNDA:1,SysCaptureBase.start
FN:380,387,SysCaptureBase.done
FNDA:1,SysCaptureBase.done
FN:389,392,SysCaptureBase.suspend
FNDA:1,SysCaptureBase.suspend
FN:394,399,SysCaptureBase.resume
FNDA:1,SysCaptureBase.resume
FN:405,411,SysCaptureBinary.snap
FNDA:0,SysCaptureBinary.snap
FN:413,417,SysCaptureBinary.writeorg
FNDA:0,SysCaptureBinary.writeorg
FN:423,429,SysCapture.snap
FNDA:0,SysCapture.snap
FN:431,434,SysCapture.writeorg
FNDA:0,SysCapture.writeorg
FN:438,477,FDCaptureBase.__init__
FNDA:1,FDCaptureBase.__init__
FN:479,486,FDCaptureBase.__repr__
FNDA:0,FDCaptureBase.__repr__
FN:488,493,FDCaptureBase._assert_state
FNDA:1,FDCaptureBase._assert_state
FN:495,500,FDCaptureBase.start
FNDA:1,FDCaptureBase.start
FN:502,516,FDCaptureBase.done
FNDA:1,FDCaptureBase.done
FN:518,524,FDCaptureBase.suspend
FNDA:1,FDCaptureBase.suspend
FN:526,532,FDCaptureBase.resume
FNDA:1,FDCaptureBase.resume
FN:543,549,FDCaptureBinary.snap
FNDA:0,FDCaptureBinary.snap
FN:551,554,FDCaptureBinary.writeorg
FNDA:0,FDCaptureBinary.writeorg
FN:565,571,FDCapture.snap
FNDA:1,FDCapture.snap
FN:573,577,FDCapture.writeorg
FNDA:0,FDCapture.writeorg
FN:607,615,MultiCapture.__init__
FNDA:1,MultiCapture.__init__
FN:617,624,MultiCapture.__repr__
FNDA:0,MultiCapture.__repr__
FN:626,633,MultiCapture.start_capturing
FNDA:1,MultiCapture.start_capturing
FN:635,644,MultiCapture.pop_outerr_to_orig
FNDA:1,MultiCapture.pop_outerr_to_orig
FN:646,654,MultiCapture.suspend_capturing
FNDA:1,MultiCapture.suspend_capturing
FN:656,665,MultiCapture.resume_capturing
FNDA:1,MultiCapture.resume_capturing
FN:667,677,MultiCapture.stop_capturing
FNDA:1,MultiCapture.stop_capturing
FN:679,681,MultiCapture.is_started
FNDA:0,MultiCapture.is_started
FN:683,687,MultiCapture.readouterr
FNDA:1,MultiCapture.readouterr
FN:690,701,_get_multicapture
FNDA:1,_get_multicapture
FN:726,729,CaptureManager.__init__
FNDA:1,CaptureManager.__init__
FN:731,734,CaptureManager.__repr__
FNDA:0,CaptureManager.__repr__
FN:736,741,CaptureManager.is_capturing
FNDA:0,CaptureManager.is_capturing
FN:745,746,CaptureManager.is_globally_capturing
FNDA:0,CaptureManager.is_globally_capturing
FN:748,751,CaptureManager.start_global_capturing
FNDA:1,CaptureManager.start_global_capturing
FN:753,757,CaptureManager.stop_global_capturing
FNDA:1,CaptureManager.stop_global_capturing
FN:759,763,CaptureManager.resume_global_capture
FNDA:1,CaptureManager.resume_global_capture
FN:765,767,CaptureManager.suspend_global_capture
FNDA:1,CaptureManager.suspend_global_capture
FN:769,772,CaptureManager.suspend
FNDA:0,CaptureManager.suspend
FN:774,776,CaptureManager.resume
FNDA:0,CaptureManager.resume
FN:778,780,CaptureManager.read_global_capture
FNDA:1,CaptureManager.read_global_capture
FN:784,793,CaptureManager.set_fixture
FNDA:0,CaptureManager.set_fixture
FN:795,796,CaptureManager.unset_fixture
FNDA:0,CaptureManager.unset_fixture
FN:798,802,CaptureManager.activate_fixture
FNDA:1,CaptureManager.activate_fixture
FN:804,807,CaptureManager.deactivate_fixture
FNDA:1,CaptureManager.deactivate_fixture
FN:809,811,CaptureManager.suspend_fixture
FNDA:0,CaptureManager.suspend_fixture
FN:813,815,CaptureManager.resume_fixture
FNDA:0,CaptureManager.resume_fixture
FN:820,834,CaptureManager.global_and_fixture_disabled
FNDA:0,CaptureManager.global_and_fixture_disabled
FN:837,848,CaptureManager.item_capture
FNDA:1,CaptureManager.item_capture
FN:853,865,CaptureManager.pytest_make_collect_report
FNDA:1,CaptureManager.pytest_make_collect_report
FN:868,870,CaptureManager.pytest_runtest_setup
FNDA:1,CaptureManager.pytest_runtest_setup
FN:873,875,CaptureManager.pytest_runtest_call
FNDA:1,CaptureManager.pytest_runtest_call
FN:878,880,CaptureManager.pytest_runtest_teardown
FNDA:1,CaptureManager.pytest_runtest_teardown
FN:883,884,CaptureManager.pytest_keyboard_interrupt
FNDA:0,CaptureManager.pytest_keyboard_interrupt
FN:887,888,CaptureManager.pytest_internalerror
FNDA:0,CaptureManager.pytest_internalerror
FN:895,907,CaptureFixture.__init__
FNDA:0,CaptureFixture.__init__
FN:909,916,CaptureFixture._start
FNDA:0,CaptureFixture._start
FN:918,924,CaptureFixture.close
FNDA:0,CaptureFixture.close
FN:926,941,CaptureFixture.readouterr
FNDA:0,CaptureFixture.readouterr
FN:943,946,CaptureFixture._suspend
FNDA:0,CaptureFixture._suspend
FN:948,951,CaptureFixture._resume
FNDA:0,CaptureFixture._resume
FN:953,957,CaptureFixture._is_started
FNDA:0,CaptureFixture._is_started
FN:960,966,CaptureFixture.disabled
FNDA:0,CaptureFixture.disabled
FN:973,997,capsys
FNDA:0,capsys
FN:1001,1025,capsysbinary
FNDA:0,capsysbinary
FN:1029,1053,capfd
FNDA:0,capfd
FN:1057,1082,capfdbinary
FNDA:0,capfdbinary
FNF:115
FNH:39
end_of_record
SF:/Users/mandyarthur/Library/Python/3.9/lib/python/site-packages/_pytest/compat.py
DA:2,1
DA:4,1
DA:5,1
DA:6,1
DA:7,1
DA:8,1
DA:9,1
DA:10,1
DA:11,1
DA:12,1
DA:13,1
DA:14,1
DA:15,1
DA:16,1
DA:17,1
DA:18,1
DA:20,1
DA:30,1
DA:32,1
DA:33,0
DA:36,1
DA:37,1
DA:44,1
DA:48,1
DA:50,1
DA:56,1
DA:57,1
DA:58,1
DA:61,1
DA:62,1
DA:64,1
DA:66,0
DA:69,1
DA:70,0
DA:73,1
DA:74,1
DA:75,1
DA:78,1
DA:87,1
DA:90,1
DA:93,1
DA:96,1
DA:97,0
DA:98,0
DA:99,0
DA:100,0
DA:101,0
DA:102,0
DA:103,0
DA:104,0
DA:106,0
DA:107,0
DA:110,1
DA:112,0
DA:113,0
DA:114,0
DA:116,0
DA:117,0
DA:119,0
DA:129,1
DA:159,1
DA:160,1
DA:161,0
DA:162,0
DA:164,0
DA:169,1
DA:178,1
DA:179,0
DA:184,1
DA:192,0
DA:194,1
DA:195,0
DA:196,1
DA:199,1
DA:203,0
DA:211,1
DA:214,1
DA:219,1
DA:220,0
DA:223,1
DA:226,1
DA:227,0
DA:230,1
DA:247,0
DA:248,0
DA:250,0
DA:251,0
DA:254,1
DA:255,1
DA:263,1
DA:266,1
DA:269,1
DA:270,1
DA:274,1
DA:275,1
DA:276,1
DA:277,1
DA:278,1
DA:279,1
DA:280,1
DA:281,0
DA:283,0
DA:285,0
DA:290,1
DA:291,0
DA:292,1
DA:295,1
DA:299,1
DA:300,1
DA:301,1
DA:304,1
DA:305,0
DA:306,1
DA:309,1
DA:310,0
DA:311,0
DA:312,0
DA:313,0
DA:316,1
DA:325,1
DA:327,1
DA:328,1
DA:329,1
DA:330,1
DA:333,1
DA:335,1
DA:336,1
DA:337,0
DA:338,0
DA:341,1
DA:342,0
DA:343,0
DA:345,0
DA:346,1
DA:347,1
DA:350,0
DA:351,0
DA:354,1
DA:355,1
DA:358,0
DA:359,0
DA:361,0
DA:362,0
DA:363,0
DA:365,0
DA:366,0
DA:369,0
DA:371,0
DA:372,0
DA:373,0
DA:375,0
DA:376,0
DA:377,0
DA:378,0
DA:379,0
DA:382,1
DA:391,0
DA:394,0
DA:398,0
DA:399,0
DA:400,0
DA:434,1
DA:435,0
LF:163
LH:93
FN:48,50,legacy_path
FNDA:1,legacy_path
FN:69,70,_format_args
FNDA:0,_format_args
FN:73,75,is_generator
FNDA:1,is_generator
FN:78,87,iscoroutinefunction
FNDA:1,iscoroutinefunction
FN:90,93,is_async_function
FNDA:1,is_async_function
FN:96,107,getlocation
FNDA:0,getlocation
FN:110,126,num_mock_patch_args
FNDA:0,num_mock_patch_args
FN:129,196,getfuncargnames
FNDA:1,getfuncargnames
FN:199,208,get_default_arg_names
FNDA:0,get_default_arg_names
FN:219,220,_translate_non_printable
FNDA:0,_translate_non_printable
FN:226,227,_bytes_to_ascii
FNDA:0,_bytes_to_ascii
FN:230,251,ascii_escaped
FNDA:0,ascii_escaped
FN:266,292,get_real_func
FNDA:1,get_real_func
FN:295,306,get_real_method
FNDA:1,get_real_method
FN:309,313,getimfunc
FNDA:0,getimfunc
FN:316,330,safe_getattr
FNDA:1,safe_getattr
FN:333,338,safe_isclass
FNDA:1,safe_isclass
FN:382,400,get_user_id
FNDA:0,get_user_id
FN:434,435,assert_never
FNDA:0,assert_never
FNF:19
FNH:9
end_of_record
SF:/Users/mandyarthur/Library/Python/3.9/lib/python/site-packages/_pytest/config/__init__.py
DA:2,1
DA:3,1
DA:4,1
DA:5,1
DA:6,1
DA:7,1
DA:8,1
DA:9,1
DA:10,1
DA:11,1
DA:12,1
DA:13,1
DA:14,1
DA:15,1
DA:16,1
DA:17,1
DA:18,1
DA:19,1
DA:20,1
DA:21,1
DA:22,1
DA:23,1
DA:24,1
DA:25,1
DA:26,1
DA:27,1
DA:28,1
DA:29,1
DA:30,1
DA:31,1
DA:32,1
DA:33,1
DA:34,1
DA:35,1
DA:36,1
DA:38,1
DA:39,1
DA:40,1
DA:42,1
DA:43,1
DA:44,1
DA:45,1
DA:46,1
DA:47,1
DA:48,1
DA:49,1
DA:50,1
DA:51,1
DA:52,1
DA:53,1
DA:54,1
DA:55,1
DA:56,1
DA:57,1
DA:58,1
DA:59,1
DA:60,1
DA:61,1
DA:62,1
DA:63,1
DA:65,1
DA:66,0
DA:67,0
DA:68,0
DA:71,1
DA:81,1
DA:82,1
DA:85,1
DA:86,1
DA:95,1
DA:97,1
DA:99,1
DA:101,1
DA:103,1
DA:105,1
DA:108,1
DA:109,1
DA:114,0
DA:115,0
DA:116,0
DA:118,1
DA:119,0
DA:124,1
DA:132,0
DA:135,1
DA:148,1
DA:149,1
DA:150,1
DA:151,0
DA:152,0
DA:153,0
DA:154,0
DA:155,0
DA:158,0
DA:163,0
DA:164,0
DA:165,0
DA:166,0
DA:168,1
DA:169,1
DA:172,1
DA:173,1
DA:174,0
DA:175,0
DA:177,1
DA:178,0
DA:179,0
DA:180,0
DA:181,0
DA:182,0
DA:185,1
DA:191,1
DA:192,1
DA:193,1
DA:194,1
DA:195,0
DA:198,0
DA:199,0
DA:200,0
DA:203,1
DA:204,1
DA:207,1
DA:213,0
DA:214,0
DA:215,0
DA:218,1
DA:224,0
DA:225,0
DA:226,0
DA:230,1
DA:238,1
DA:267,1
DA:268,1
DA:269,1
DA:272,1
DA:277,1
DA:278,1
DA:287,1
DA:289,1
DA:291,1
DA:292,1
DA:294,1
DA:297,1
DA:305,0
DA:308,1
DA:312,1
DA:313,1
DA:314,0
DA:315,0
DA:316,0
DA:317,0
DA:320,0
DA:322,1
DA:323,1
DA:324,1
DA:325,1
DA:326,0
DA:327,0
DA:328,0
DA:330,0
DA:331,1
DA:334,1
DA:335,0
DA:336,0
DA:337,0
DA:340,1
DA:342,1
DA:343,1
DA:345,1
DA:348,1
DA:353,1
DA:355,0
DA:356,1
DA:357,1
DA:358,1
DA:359,1
DA:360,1
DA:361,1
DA:362,0
DA:363,0
DA:364,1
DA:365,0
DA:366,0
DA:368,1
DA:369,1
DA:370,0
DA:371,0
DA:376,0
DA:377,1
DA:380,1
DA:381,1
DA:390,1
DA:391,1
DA:393,1
DA:397,1
DA:401,1
DA:403,1
DA:405,1
DA:410,1
DA:412,1
DA:419,1
DA:421,1
DA:422,1
DA:423,1
DA:424,0
DA:425,0
DA:426,0
DA:427,0
DA:433,0
DA:434,0
DA:435,0
DA:436,0
DA:439,1
DA:441,1
DA:443,1
DA:447,1
DA:448,1
DA:450,1
DA:451,0
DA:453,1
DA:454,1
DA:455,1
DA:457,1
DA:459,1
DA:460,0
DA:462,1
DA:466,1
DA:467,1
DA:468,1
DA:469,1
DA:470,1
DA:471,1
DA:476,1
DA:478,1
DA:481,1
DA:482,0
DA:490,0
DA:491,1
DA:492,1
DA:493,1
DA:497,1
DA:498,1
DA:499,1
DA:501,1
DA:503,0
DA:504,0
DA:506,1
DA:508,0
DA:510,1
DA:514,1
DA:520,1
DA:526,1
DA:531,1
DA:547,1
DA:548,1
DA:549,1
DA:550,1
DA:551,1
DA:552,1
DA:553,1
DA:555,1
DA:556,1
DA:557,0
DA:558,1
DA:562,1
DA:563,1
DA:564,1
DA:565,1
DA:566,0
DA:568,1
DA:573,1
DA:574,0
DA:575,1
DA:577,1
DA:580,1
DA:582,1
DA:583,1
DA:584,1
DA:585,0
DA:587,1
DA:590,1
DA:591,0
DA:593,1
DA:597,1
DA:598,1
DA:599,1
DA:604,1
DA:605,1
DA:606,1
DA:607,1
DA:608,1
DA:609,0
DA:610,0
DA:611,1
DA:612,1
DA:614,1
DA:621,1
DA:622,1
DA:623,0
DA:624,0
DA:625,0
DA:626,0
DA:627,1
DA:629,1
DA:632,0
DA:633,0
DA:634,0
DA:636,0
DA:637,0
DA:638,0
DA:640,0
DA:641,0
DA:642,0
DA:643,0
DA:644,0
DA:645,0
DA:647,0
DA:649,0
DA:650,0
DA:651,0
DA:652,0
DA:653,0
DA:654,0
DA:655,0
DA:656,0
DA:657,0
DA:658,0
DA:660,1
DA:665,0
DA:670,0
DA:679,0
DA:686,1
DA:690,1
DA:691,1
DA:692,1
DA:693,1
DA:694,1
DA:695,1
DA:696,1
DA:697,0
DA:698,0
DA:699,0
DA:700,0
DA:701,0
DA:702,1
DA:703,0
DA:705,0
DA:706,0
DA:707,0
DA:708,0
DA:709,0
DA:711,1
DA:713,0
DA:714,0
DA:715,0
DA:716,0
DA:719,0
DA:720,0
DA:721,0
DA:723,0
DA:724,0
DA:725,0
DA:727,0
DA:730,0
DA:731,0
DA:732,0
DA:733,0
DA:734,0
DA:735,0
DA:737,1
DA:739,0
DA:741,1
DA:743,1
DA:745,1
DA:747,1
DA:749,1
DA:752,1
DA:753,1
DA:754,0
DA:756,1
DA:766,1
DA:769,1
DA:770,0
DA:772,1
DA:773,1
DA:775,1
DA:776,0
DA:777,0
DA:778,0
DA:780,1
DA:781,1
DA:782,0
DA:783,0
DA:787,0
DA:788,0
DA:790,1
DA:791,1
DA:794,1
DA:799,1
DA:800,1
DA:802,1
DA:803,0
DA:805,1
DA:806,0
DA:808,1
DA:809,1
DA:810,0
DA:816,1
DA:817,0
DA:818,0
DA:819,0
DA:820,0
DA:823,1
DA:824,1
DA:825,0
DA:828,1
DA:831,1
DA:863,1
DA:864,1
DA:865,1
DA:866,1
DA:867,1
DA:868,1
DA:869,0
DA:872,0
DA:873,0
DA:874,0
DA:875,1
DA:876,1
DA:877,1
DA:878,1
DA:880,1
DA:886,0
DA:887,0
DA:888,0
DA:889,0
DA:890,0
DA:891,0
DA:892,0
DA:893,0
DA:896,1
DA:897,1
DA:908,1
DA:909,1
DA:910,1
DA:925,1
DA:927,1
DA:929,1
DA:932,1
DA:939,1
DA:940,1
DA:941,1
DA:943,1
DA:950,1
DA:952,1
DA:954,1
DA:956,1
DA:962,1
DA:964,1
DA:965,0
DA:969,1
DA:975,1
DA:981,1
DA:982,1
DA:987,1
DA:993,1
DA:1000,1
DA:1002,1
DA:1004,1
DA:1005,1
DA:1006,1
DA:1007,1
DA:1008,1
DA:1009,1
DA:1010,1
DA:1011,1
DA:1012,1
DA:1015,1
DA:1016,1
DA:1018,1
DA:1019,0
DA:1021,0
DA:1023,1
DA:1024,1
DA:1031,1
DA:1033,1
DA:1034,1
DA:1041,1
DA:1043,1
DA:1046,1
DA:1048,1
DA:1049,1
DA:1050,1
DA:1051,1
DA:1052,1
DA:1053,1
DA:1055,1
DA:1056,1
DA:1057,1
DA:1058,1
DA:1059,1
DA:1060,1
DA:1061,1
DA:1062,1
DA:1064,1
DA:1065,0
DA:1068,0
DA:1069,0
DA:1071,1
DA:1074,1
DA:1075,1
DA:1076,0
DA:1080,0
DA:1081,0
DA:1083,0
DA:1084,0
DA:1087,0
DA:1088,0
DA:1092,0
DA:1094,1
DA:1096,1
DA:1101,0
DA:1102,0
DA:1104,0
DA:1105,0
DA:1108,0
DA:1109,0
DA:1110,0
DA:1111,0
DA:1112,0
DA:1114,1
DA:1116,0
DA:1117,0
DA:1118,0
DA:1119,0
DA:1121,1
DA:1122,1
DA:1124,0
DA:1125,0
DA:1126,0
DA:1127,0
DA:1128,0
DA:1129,0
DA:1131,1
DA:1132,1
DA:1133,1
DA:1135,1
DA:1136,1
DA:1137,1
DA:1139,1
DA:1140,1
DA:1145,1
DA:1153,1
DA:1162,1
DA:1163,1
DA:1166,1
DA:1172,1
DA:1173,1
DA:1174,1
DA:1175,1
DA:1176,1
DA:1177,1
DA:1178,1
DA:1179,1
DA:1185,1
DA:1187,1
DA:1194,1
DA:1195,1
DA:1196,1
DA:1197,1
DA:1199,1
DA:1200,1
DA:1201,0
DA:1202,0
DA:1204,1
DA:1205,1
DA:1207,1
DA:1211,1
DA:1213,1
DA:1215,0
DA:1217,1
DA:1224,1
DA:1225,1
DA:1227,1
DA:1229,1
DA:1230,1
DA:1231,1
DA:1235,1
DA:1237,1
DA:1239,1
DA:1253,1
DA:1254,1
DA:1255,1
DA:1257,0
DA:1258,0
DA:1259,0
DA:1260,0
DA:1262,0
DA:1263,0
DA:1264,0
DA:1265,0
DA:1266,0
DA:1267,0
DA:1272,0
DA:1276,0
DA:1277,0
DA:1278,0
DA:1279,0
DA:1280,1
DA:1282,1
DA:1283,1
DA:1284,1
DA:1285,1
DA:1286,0
DA:1290,1
DA:1291,1
DA:1292,1
DA:1296,1
DA:1299,1
DA:1300,1
DA:1301,1
DA:1302,1
DA:1305,1
DA:1306,1
DA:1308,1
DA:1312,1
DA:1313,1
DA:1315,1
DA:1316,0
DA:1320,1
DA:1321,1
DA:1322,0
DA:1324,1
DA:1325,1
DA:1326,1
DA:1327,1
DA:1330,0
DA:1331,0
DA:1334,0
DA:1339,0
DA:1341,1
DA:1342,1
DA:1345,1
DA:1346,1
DA:1348,1
DA:1349,1
DA:1351,1
DA:1352,1
DA:1354,0
DA:1356,0
DA:1357,0
DA:1361,0
DA:1362,0
DA:1371,1
DA:1372,1
DA:1373,0
DA:1375,1
DA:1376,1
DA:1377,1
DA:1378,1
DA:1381,0
DA:1382,0
DA:1384,0
DA:1385,0
DA:1387,0
DA:1388,0
DA:1389,0
DA:1390,0
DA:1391,0
DA:1392,0
DA:1393,0
DA:1395,0
DA:1396,0
DA:1397,0
DA:1400,0
DA:1402,0
DA:1403,0
DA:1407,1
DA:1408,0
DA:1409,0
DA:1411,0
DA:1413,1
DA:1414,1
DA:1415,1
DA:1417,1
DA:1419,1
DA:1422,1
DA:1425,1
DA:1427,1
DA:1428,1
DA:1429,1
DA:1430,1
DA:1433,1
DA:1441,0
DA:1442,0
DA:1444,1
DA:1456,0
DA:1457,0
DA:1459,0
DA:1460,0
DA:1462,0
DA:1463,0
DA:1464,0
[...]
DA:607,1
DA:608,1
DA:609,1
DA:611,1
DA:612,0
DA:613,0
DA:614,0
DA:618,0
DA:619,0
DA:620,0
DA:624,0
DA:629,0
DA:630,0
DA:631,0
DA:635,0
DA:637,1
DA:640,0
DA:641,0
DA:642,0
DA:644,0
DA:646,0
DA:650,0
DA:653,0
DA:654,0
DA:656,0
DA:657,0
DA:658,0
DA:659,0
DA:660,0
DA:662,0
DA:663,0
DA:665,0
DA:667,0
DA:669,1
DA:673,1
DA:674,0
DA:675,1
DA:680,1
DA:681,1
DA:683,1
DA:684,1
DA:685,0
DA:686,0
DA:688,0
DA:689,0
DA:691,0
DA:692,0
DA:693,0
DA:694,0
DA:697,0
DA:698,0
DA:703,0
DA:705,0
DA:706,0
DA:708,1
DA:709,1
DA:710,1
DA:711,1
DA:712,1
DA:714,1
DA:715,1
DA:718,1
DA:719,1
DA:722,1
DA:723,1
DA:726,1
DA:727,1
DA:730,1
DA:731,0
DA:733,1
DA:752,1
DA:753,0
DA:755,1
DA:764,1
DA:769,1
DA:770,1
DA:771,1
DA:772,1
DA:773,0
DA:774,0
DA:779,1
DA:780,0
DA:782,1
DA:786,1
DA:790,1
DA:791,0
DA:792,0
DA:793,0
DA:794,0
DA:795,0
DA:796,0
DA:797,0
DA:799,1
DA:800,1
DA:802,1
DA:804,1
DA:805,1
DA:806,0
DA:808,1
DA:809,1
DA:811,1
DA:813,1
DA:814,1
DA:815,0
DA:817,1
DA:818,1
DA:820,1
DA:822,1
DA:823,1
DA:824,0
DA:826,1
DA:827,1
DA:829,1
DA:831,1
DA:832,1
DA:833,0
DA:835,1
DA:836,1
DA:837,1
DA:839,1
DA:840,1
DA:841,0
DA:843,1
DA:844,1
DA:848,1
DA:850,1
DA:851,1
DA:852,0
DA:854,1
DA:855,1
DA:859,1
DA:861,1
DA:862,1
DA:863,0
DA:866,1
DA:867,1
DA:868,1
DA:869,0
DA:873,0
DA:874,0
DA:876,1
DA:877,1
DA:878,1
DA:881,1
DA:885,1
DA:886,1
DA:887,1
DA:889,0
DA:894,1
DA:895,0
DA:897,1
DA:900,1
DA:902,1
DA:903,1
DA:905,1
DA:906,0
DA:908,1
DA:909,0
DA:911,1
DA:912,1
DA:914,1
DA:915,0
DA:917,1
DA:920,1
DA:922,1
DA:923,1
DA:925,1
DA:926,0
DA:928,1
DA:929,0
DA:931,1
DA:932,1
DA:934,1
DA:935,1
DA:940,1
DA:942,1
DA:955,0
DA:956,0
DA:957,0
DA:960,1
DA:962,1
DA:964,0
DA:965,0
DA:966,0
DA:967,0
DA:968,0
DA:970,0
DA:971,0
DA:972,0
DA:973,0
DA:974,0
DA:975,0
DA:976,0
DA:977,0
DA:978,0
DA:979,0
DA:981,0
DA:983,1
DA:985,1
DA:994,0
DA:995,0
DA:996,0
DA:998,0
DA:999,0
DA:1001,0
DA:1002,0
DA:1004,0
DA:1008,0
DA:1009,0
DA:1010,0
DA:1011,0
DA:1013,0
DA:1014,0
DA:1016,0
DA:1017,0
DA:1018,0
DA:1019,0
DA:1021,0
DA:1023,0
DA:1024,0
DA:1025,0
DA:1026,0
DA:1031,0
DA:1035,0
DA:1036,0
DA:1037,0
DA:1038,0
DA:1039,0
DA:1041,0
DA:1042,0
DA:1044,0
DA:1045,0
DA:1046,0
DA:1047,0
DA:1048,0
DA:1053,0
DA:1055,0
DA:1056,0
DA:1057,0
DA:1058,0
DA:1062,0
DA:1063,0
DA:1067,0
DA:1069,0
DA:1070,0
DA:1071,0
DA:1073,0
DA:1074,0
DA:1075,0
DA:1076,0
DA:1077,0
DA:1078,0
DA:1080,0
DA:1081,0
DA:1082,0
DA:1083,0
DA:1085,0
DA:1086,0
DA:1088,0
DA:1089,0
DA:1090,0
DA:1091,0
DA:1092,0
DA:1093,0
DA:1094,0
DA:1095,0
DA:1096,0
DA:1098,1
DA:1100,1
DA:1102,0
DA:1104,1
DA:1106,1
DA:1108,1
DA:1109,1
DA:1165,0
DA:1166,0
DA:1167,0
DA:1169,0
DA:1171,0
DA:1172,0
DA:1177,0
DA:1179,0
DA:1180,0
DA:1181,0
DA:1183,0
DA:1184,0
DA:1185,0
DA:1186,0
DA:1187,0
DA:1188,0
DA:1190,0
DA:1191,0
DA:1192,0
DA:1193,0
DA:1201,0
DA:1202,0
DA:1203,0
DA:1205,0
DA:1207,0
DA:1209,0
DA:1210,0
DA:1212,1
DA:1213,1
DA:1215,0
DA:1217,1
DA:1229,0
DA:1230,0
DA:1231,0
DA:1234,1
DA:1235,0
DA:1238,1
DA:1251,0
DA:1254,1
DA:1255,0
DA:1258,1
DA:1260,0
DA:1261,0
DA:1262,0
DA:1263,0
DA:1264,0
DA:1265,0
DA:1266,0
DA:1267,0
DA:1268,0
DA:1269,0
DA:1270,0
DA:1271,0
DA:1272,0
DA:1273,0
DA:1274,0
DA:1275,0
DA:1276,0
DA:1277,0
DA:1278,0
DA:1280,0
DA:1282,1
DA:1314,0
DA:1315,0
DA:1319,0
DA:1320,0
DA:1321,0
DA:1322,0
DA:1325,0
DA:1331,0
DA:1332,0
DA:1333,0
DA:1335,1
DA:1337,1
DA:1340,0
DA:1341,0
DA:1343,0
DA:1344,0
DA:1345,0
DA:1348,1
DA:1352,0
DA:1353,0
DA:1354,0
DA:1355,0
DA:1356,0
DA:1357,0
DA:1358,0
DA:1360,0
DA:1364,0
DA:1365,0
DA:1367,0
DA:1368,0
DA:1370,0
DA:1371,0
DA:1372,0
DA:1373,0
DA:1375,0
DA:1377,0
DA:1378,0
DA:1379,0
DA:1380,0
DA:1381,0
DA:1382,0
DA:1383,0
DA:1384,0
DA:1385,0
DA:1387,0
DA:1391,0
DA:1392,0
DA:1394,0
DA:1397,0
DA:1403,0
DA:1406,1
DA:1407,1
DA:1410,1
DA:1413,0
DA:1421,0
DA:1422,0
DA:1423,0
DA:1424,0
DA:1425,0
DA:1426,0
DA:1428,0
DA:1429,0
DA:1430,0
DA:1431,0
DA:1433,0
DA:1434,0
DA:1437,0
DA:1438,0
DA:1442,0
DA:1443,0
DA:1444,0
DA:1445,0
DA:1446,0
DA:1447,0
DA:1449,0
DA:1450,0
DA:1452,0
DA:1485,0
DA:1487,0
DA:1488,0
DA:1490,0
DA:1491,0
DA:1492,0
DA:1493,0
DA:1496,0
DA:1497,0
DA:1498,0
DA:1500,0
DA:1501,0
DA:1502,0
DA:1503,0
DA:1505,0
DA:1506,0
DA:1513,1
DA:1514,0
DA:1515,0
DA:1518,1
DA:1520,1
DA:1521,0
DA:1522,0
DA:1523,1
DA:1525,1
DA:1526,0
DA:1527,0
DA:1529,1
DA:1544,1
DA:1545,0
DA:1546,1
DA:1548,1
DA:1549,1
DA:1550,0
DA:1551,1
DA:1553,1
DA:1564,0
DA:1565,0
DA:1566,0
DA:1567,0
DA:1568,0
DA:1569,0
DA:1570,0
DA:1571,0
DA:1572,0
DA:1573,0
DA:1577,1
DA:1578,0
DA:1580,1
DA:1581,1
DA:1582,1
DA:1593,0
DA:1596,0
DA:1611,1
DA:1612,1
DA:1613,1
DA:1616,1
DA:1618,0
DA:1619,0
DA:1620,0
DA:1623,1
DA:1626,1
DA:1627,1
DA:1631,1
DA:1632,1
DA:1633,0
DA:1636,1
DA:1637,0
DA:1640,1
DA:1643,1
DA:1645,1
DA:1648,0
DA:1650,0
DA:1654,0
DA:1656,0
DA:1657,0
DA:1658,0
DA:1660,0
DA:1661,0
DA:1663,0
DA:1664,0
DA:1668,0
DA:1669,0
DA:1671,0
DA:1672,0
DA:1674,1
DA:1675,0
DA:1679,1
DA:1680,0
DA:1681,0
DA:1684,1
DA:1686,1
DA:1688,1
DA:1689,0
DA:1691,1
DA:1692,0
DA:1694,1
DA:1706,1
DA:1707,0
DA:1709,1
DA:1710,0
DA:1712,1
DA:1713,0
DA:1714,0
DA:1715,0
DA:1717,1
DA:1729,1
DA:1730,0
DA:1732,1
DA:1733,0
DA:1735,1
DA:1736,0
DA:1737,0
DA:1738,0
DA:1741,1
DA:1742,0
DA:1745,1
DA:1748,0
DA:1751,0
DA:1753,0
DA:1756,0
DA:1758,0
DA:1763,0
DA:1766,0
DA:1768,0
DA:1769,0
DA:1771,0
DA:1772,0
DA:1773,0
DA:1774,0
DA:1775,0
DA:1776,0
DA:1777,0
DA:1779,0
DA:1780,0
DA:1781,0
DA:1783,0
DA:1784,0
DA:1785,0
DA:1787,0
DA:1788,0
DA:1790,0
DA:1791,0
DA:1797,1
DA:1845,1
DA:1847,1
DA:1848,1
DA:1849,0
DA:1851,1
DA:1852,1
DA:1853,0
DA:1855,1
DA:1857,0
DA:1858,0
DA:1859,0
DA:1860,0
DA:1861,0
DA:1862,0
DA:1863,0
DA:1865,0
DA:1866,0
DA:1869,0
DA:1870,0
DA:1871,0
DA:1873,1
DA:1874,0
DA:1875,0
DA:1876,0
DA:1877,0
DA:1878,0
DA:1879,0
DA:1881,0
DA:1882,0
DA:1884,1
DA:1885,0
DA:1887,1
DA:1888,0
DA:1890,1
DA:1891,0
DA:1894,1
DA:1895,0
DA:1899,1
DA:1903,1
DA:1904,0
DA:1906,0
DA:1907,0
DA:1908,0
DA:1909,0
DA:1910,0
DA:1911,0
DA:1912,0
DA:1913,0
DA:1914,0
DA:1916,1
DA:1918,1
DA:1921,1
DA:1924,1
DA:1926,1
DA:1927,0
DA:1928,0
DA:1929,0
DA:1931,1
DA:1932,0
DA:1933,0
DA:1936,1
DA:1937,0
DA:1940,1
DA:1941,0
DA:1943,1
DA:1944,1
DA:1945,0
DA:1951,1
DA:1952,0
DA:1953,0
DA:1954,0
DA:1955,0
DA:1956,0
DA:1957,0
DA:1959,0
DA:1962,1
DA:1963,0
DA:1965,0
DA:1966,0
DA:1967,0
DA:1969,0
DA:1970,0
DA:1971,0
DA:1972,0
DA:1973,0
DA:1974,0
DA:1975,0
DA:1976,0
DA:1978,0
DA:1979,0
DA:1980,0
DA:1984,0
DA:1985,0
DA:1986,0
DA:1988,0
DA:1989,0
DA:1990,0
DA:1991,0
DA:1997,0
DA:1999,0
DA:2000,0
DA:2001,0
DA:2002,0
DA:2007,0
DA:2009,0
DA:2010,0
DA:2011,0
DA:2012,0
DA:2013,0
DA:2014,0
DA:2015,0
DA:2016,0
DA:2024,0
DA:2026,0
DA:2031,0
DA:2032,0
DA:2033,0
DA:2034,0
DA:2035,0
DA:2036,0
DA:2040,0
DA:2043,0
DA:2045,0
DA:2047,0
DA:2049,0
DA:2050,0
DA:2051,0
DA:2052,0
DA:2053,0
DA:2054,0
DA:2055,0
DA:2057,0
DA:2059,0
DA:2060,0
DA:2061,0
DA:2062,0
DA:2063,0
DA:2067,1
DA:2071,1
DA:2072,0
DA:2074,0
DA:2075,0
DA:2076,0
DA:2080,0
DA:2081,0
DA:2082,0
DA:2084,0
DA:2086,0
DA:2088,0
DA:2089,0
DA:2091,0
DA:2095,1
DA:2096,1
DA:2097,0
DA:2098,0
DA:2099,0
DA:2100,0
DA:2101,0
DA:2102,0
DA:2104,0
DA:2105,0
DA:2107,0
DA:2111,1
DA:2112,0
DA:2114,1
DA:2115,1
DA:2116,1
DA:2127,0
DA:2130,0
DA:2131,0
DA:2132,0
DA:2134,0
DA:2148,1
DA:2149,0
DA:2151,1
DA:2152,1
DA:2153,1
DA:2196,0
DA:2197,0
DA:2200,0
DA:2201,0
DA:2202,0
DA:2204,0
DA:2206,0
DA:2252,1
DA:2253,0
DA:2255,1
DA:2256,1
DA:2257,1
DA:2294,0
DA:2295,0
DA:2298,0
DA:2299,0
DA:2300,0
DA:2302,0
DA:2304,0
DA:2344,1
DA:2345,0
DA:2347,1
DA:2348,1
DA:2351,1
DA:2352,0
DA:2354,1
DA:2355,1
DA:2373,0
DA:2374,0
DA:2377,0
DA:2378,0
DA:2379,0
DA:2381,0
DA:2383,0
DA:2384,0
DA:2386,0
DA:2408,1
DA:2409,1
DA:2411,1
DA:2412,1
DA:2413,1
DA:2414,1
DA:2416,1
DA:2417,0
DA:2418,0
DA:2420,0
DA:2422,1
DA:2423,0
DA:2425,1
DA:2426,0
DA:2428,1
DA:2429,0
DA:2431,1
DA:2432,0
DA:2434,1
DA:2435,0
DA:2437,1
DA:2438,0
DA:2440,1
DA:2441,0
DA:2443,1
DA:2444,0
DA:2446,1
DA:2447,1
DA:2448,0
DA:2451,1
DA:2452,0
DA:2454,1
DA:2455,1
DA:2471,0
DA:2474,1
DA:2475,0
DA:2477,1
DA:2478,1
DA:2492,0
DA:2495,1
DA:2496,0
DA:2498,1
DA:2499,1
DA:2522,0
DA:2525,1
DA:2526,0
DA:2527,0
DA:2528,1
DA:2529,1
DA:2530,1
DA:2546,0
DA:2547,0
DA:2549,1
DA:2550,1
DA:2563,0
DA:2564,0
DA:2567,0
DA:2568,0
DA:2569,0
DA:2571,0
DA:2573,0
DA:2590,0
DA:2606,1
DA:2607,0
DA:2608,1
DA:2609,1
DA:2610,1
DA:2625,0
DA:2626,0
DA:2629,0
DA:2630,0
DA:2631,0
DA:2633,0
DA:2635,0
DA:2653,1
DA:2695,1
DA:2696,0
DA:2698,0
DA:2699,0
DA:2701,1
DA:2702,1
DA:2703,1
DA:2704,1
DA:2705,1
DA:2707,1
DA:2708,1
DA:2710,1
DA:2712,1
DA:2713,1
DA:2714,0
DA:2715,0
DA:2716,0
DA:2717,0
DA:2718,0
DA:2719,0
DA:2720,0
DA:2721,0
DA:2723,1
DA:2724,1
DA:2725,0
DA:2726,0
DA:2727,0
DA:2729,1
DA:2730,0
DA:2731,0
DA:2732,0
DA:2734,1
DA:2735,1
DA:2736,1
DA:2737,1
DA:2739,1
DA:2740,0
DA:2743,0
DA:2744,0
DA:2746,0
DA:2747,0
DA:2748,0
DA:2749,0
DA:2750,0
DA:2751,0
DA:2752,0
DA:2753,0
DA:2754,0
DA:2755,0
DA:2757,0
DA:2758,0
DA:2759,0
DA:2760,0
DA:2761,0
DA:2763,0
DA:2764,0
DA:2765,0
DA:2766,0
DA:2768,0
DA:2769,0
DA:2770,0
DA:2772,0
DA:2774,0
DA:2776,0
DA:2777,0
DA:2780,1
DA:2781,0
DA:2782,0
DA:2783,0
DA:2784,0
DA:2785,0
DA:2787,0
DA:2788,0
DA:2791,1
DA:2792,0
DA:2794,1
DA:2797,0
DA:2800,0
DA:2802,0
DA:2803,0
DA:2804,0
DA:2805,0
DA:2807,0
DA:2808,0
DA:2809,0
DA:2810,0
DA:2811,0
DA:2812,0
DA:2816,0
DA:2817,0
DA:2818,0
DA:2819,0
DA:2820,0
DA:2821,0
DA:2822,0
DA:2823,0
DA:2824,0
DA:2825,0
DA:2826,0
DA:2827,0
DA:2831,0
DA:2832,0
DA:2833,0
DA:2834,0
DA:2835,0
DA:2836,0
DA:2837,0
DA:2839,0
DA:2840,0
DA:2842,0
DA:2844,0
DA:2852,0
DA:2853,0
DA:2855,0
DA:2856,0
DA:2859,1
DA:2904,1
DA:2906,1
DA:2907,0
DA:2909,1
DA:2910,1
DA:2911,1
DA:2914,1
DA:2915,1
DA:2916,1
DA:2918,1
DA:2920,1
DA:2921,0
DA:2923,1
DA:2924,1
DA:2926,1
DA:2927,1
DA:2929,1
DA:2930,0
DA:2932,1
DA:2933,0
DA:2934,0
DA:2937,1
DA:2938,0
DA:2940,1
DA:2956,0
DA:2957,0
DA:2960,1
DA:2961,0
DA:2963,1
DA:2966,1
DA:2967,0
DA:2969,1
DA:2989,0
DA:2990,0
DA:2991,0
DA:2992,0
DA:2995,1
DA:2997,0
DA:2999,1
DA:3072,0
DA:3073,0
DA:3081,0
DA:3082,0
DA:3085,1
DA:3086,0
DA:3088,1
DA:3090,1
DA:3116,0
DA:3117,0
DA:3118,0
DA:3122,0
DA:3123,0
DA:3127,1
DA:3128,0
DA:3130,1
DA:3132,1
DA:3174,1
DA:3182,1
DA:3183,0
DA:3187,1
DA:3188,1
DA:3189,1
DA:3191,1
DA:3194,1
DA:3195,1
DA:3196,1
DA:3197,1
DA:3198,0
DA:3199,0
DA:3200,1
DA:3201,0
DA:3202,0
DA:3204,0
DA:3206,0
DA:3207,0
DA:3208,0
DA:3209,0
DA:3210,0
DA:3211,0
DA:3213,0
DA:3214,0
DA:3216,0
DA:3218,0
DA:3220,0
DA:3223,0
DA:3224,0
DA:3226,0
DA:3227,0
DA:3228,0
DA:3229,0
DA:3231,0
DA:3235,0
DA:3236,0
DA:3237,0
DA:3238,0
DA:3240,0
DA:3242,0
DA:3243,0
DA:3244,0
DA:3245,1
DA:3246,1
DA:3247,1
DA:3248,1
DA:3250,1
DA:3251,1
DA:3252,0
DA:3253,0
DA:3255,1
DA:3256,0
DA:3257,0
DA:3259,0
DA:3261,1
DA:3262,1
DA:3264,0
DA:3269,1
DA:3270,1
DA:3271,0
DA:3275,0
DA:3276,0
DA:3295,1
DA:3296,1
DA:3303,1
DA:3310,0
DA:3312,1
DA:3313,0
DA:3314,1
DA:3315,0
DA:3316,0
DA:3317,0
DA:3318,1
DA:3319,1
DA:3320,0
DA:3321,0
DA:3322,0
DA:3323,0
DA:3324,0
DA:3325,0
DA:3329,0
DA:3332,0
DA:3336,0
DA:3338,0
DA:3341,0
DA:3343,0
DA:3345,0
DA:3346,0
DA:3351,0
DA:3356,0
DA:3357,0
DA:3358,0
DA:3359,0
DA:3360,0
DA:3361,0
DA:3362,0
DA:3366,0
DA:3369,0
DA:3373,0
DA:3375,0
DA:3378,0
DA:3380,0
DA:3382,0
DA:3385,1
DA:3386,1
DA:3389,1
DA:3390,1
DA:3391,1
DA:3395,0
DA:3396,0
DA:3400,1
DA:3401,0
DA:3402,1
DA:3405,1
DA:3408,1
DA:3411,1
DA:3412,1
DA:3413,1
DA:3414,0
DA:3415,0
DA:3423,1
DA:3424,1
DA:3430,1
DA:3431,1
DA:3432,1
DA:3436,1
DA:3437,1
DA:3440,1
DA:3442,1
DA:3443,1
DA:3444,0
DA:3445,1
DA:3449,1
DA:3450,1
DA:3451,1
DA:3452,0
DA:3453,0
DA:3455,0
DA:3456,1
DA:3457,0
DA:3460,1
DA:3461,1
DA:3462,1
DA:3463,1
DA:3466,0
DA:3467,0
DA:3468,0
DA:3469,0
DA:3470,1
DA:3472,1
DA:3474,0
DA:3482,0
DA:3486,0
DA:3487,0
DA:3490,0
DA:3492,0
DA:3493,0
DA:3495,0
DA:3496,0
DA:3499,0
DA:3500,0
DA:3501,0
DA:3502,0
DA:3503,0
DA:3504,0
DA:3505,0
DA:3506,0
DA:3510,0
DA:3511,0
DA:3514,0
DA:3515,0
DA:3516,0
DA:3517,0
DA:3520,0
DA:3522,0
DA:3523,0
DA:3524,0
DA:3525,0
DA:3526,0
DA:3528,0
DA:3530,0
DA:3531,0
DA:3538,1
DA:3539,0
DA:3541,1
DA:3542,0
DA:3543,0
DA:3545,0
DA:3547,0
DA:3550,0
DA:3551,0
DA:3552,0
DA:3554,1
DA:3555,1
DA:3557,1
DA:3558,1
DA:3559,0
DA:3560,0
DA:3561,0
DA:3562,0
DA:3564,0
DA:3565,0
DA:3566,0
DA:3567,0
DA:3569,0
DA:3571,0
DA:3572,0
DA:3573,0
DA:3574,0
DA:3575,0
DA:3576,0
DA:3577,0
DA:3581,0
DA:3586,0
DA:3587,0
DA:3588,0
DA:3589,0
DA:3591,0
DA:3592,0
DA:3594,0
DA:3595,0
DA:3596,0
DA:3597,0
DA:3598,0
DA:3599,0
DA:3600,0
DA:3601,0
DA:3602,0
DA:3603,0
DA:3605,0
DA:3606,0
DA:3607,0
DA:3608,0
DA:3617,0
DA:3618,0
DA:3619,0
DA:3621,0
DA:3623,0
DA:3624,0
DA:3625,0
DA:3627,1
DA:3629,1
DA:3630,0
DA:3631,0
DA:3633,1
DA:3634,1
DA:3654,0
DA:3655,0
DA:3656,0
DA:3657,0
DA:3662,0
DA:3663,0
DA:3664,0
DA:3670,0
DA:3671,0
DA:3672,0
DA:3677,0
DA:3678,0
DA:3679,0
DA:3685,0
DA:3686,0
DA:3688,0
DA:3689,0
DA:3694,0
DA:3695,0
DA:3696,0
DA:3697,0
DA:3700,1
DA:3701,0
DA:3703,1
DA:3724,1
DA:3725,1
DA:3726,1
DA:3730,1
DA:3731,0
DA:3733,1
DA:3754,0
DA:3755,0
DA:3756,0
DA:3757,0
DA:3764,1
DA:3765,0
DA:3767,1
DA:3781,1
DA:3782,0
DA:3784,1
DA:3785,0
DA:3786,0
DA:3787,0
DA:3788,0
DA:3789,0
DA:3790,0
DA:3791,0
DA:3792,0
DA:3794,1
DA:3797,0
DA:3799,0
DA:3800,0
DA:3801,0
DA:3802,0
DA:3808,0
DA:3810,1
DA:3811,0
DA:3813,1
DA:3814,0
DA:3816,1
DA:3820,0
DA:3821,0
DA:3823,0
DA:3824,0
DA:3827,1
DA:3828,0
DA:3831,1
DA:3833,0
DA:3835,0
DA:3844,1
DA:3846,0
DA:3853,1
DA:3857,1
DA:3872,1
DA:3873,1
DA:3874,0
DA:3875,0
DA:3876,0
DA:3878,1
DA:3879,0
DA:3880,0
DA:3881,0
DA:3882,0
DA:3884,1
DA:3912,1
DA:3913,0
DA:3914,0
DA:3915,0
DA:3916,0
DA:3917,0
DA:3918,0
DA:3920,0
DA:3921,0
DA:3922,0
DA:3923,0
DA:3929,0
DA:3930,0
DA:3933,0
DA:3934,0
DA:3936,0
DA:3937,0
DA:3938,0
DA:3939,0
DA:3941,0
DA:3942,0
DA:3943,0
DA:3944,0
DA:3945,0
DA:3947,0
DA:3949,1
DA:3950,0
DA:3951,0
DA:3952,0
DA:3954,1
DA:3955,0
DA:3957,1
DA:3959,0
DA:3960,0
DA:3961,0
DA:3962,0
DA:3967,0
DA:3971,1
DA:3972,0
DA:3974,1
DA:3975,1
DA:3977,0
DA:3978,0
DA:3979,0
DA:3980,0
DA:3982,0
DA:3983,0
DA:3985,0
DA:3989,1
DA:3990,0
DA:3991,0
DA:3995,0
DA:4001,1
DA:4002,0
DA:4003,0
DA:4004,0
DA:4005,0
DA:4007,0
DA:4008,0
DA:4009,0
DA:4010,0
DA:4011,0
DA:4014,0
DA:4015,0
DA:4016,0
DA:4018,1
DA:4019,0
DA:4021,1
DA:4022,0
DA:4028,1
DA:4029,0
DA:4031,1
DA:4032,0
DA:4035,0
DA:4036,0
DA:4037,0
DA:4039,0
DA:4040,0
DA:4041,0
DA:4042,0
DA:4045,1
DA:4046,0
DA:4047,0
DA:4049,1
DA:4063,0
DA:4070,1
DA:4084,0
DA:4085,0
DA:4086,0
DA:4087,0
DA:4088,0
DA:4091,1
DA:4092,0
DA:4094,1
DA:4111,1
DA:4112,0
DA:4114,1
DA:4115,0
DA:4117,1
DA:4118,0
DA:4120,1
DA:4121,0
DA:4122,0
DA:4123,0
DA:4126,1
DA:4128,1
DA:4129,1
DA:4130,1
DA:4131,0
DA:4132,0
DA:4134,1
DA:4135,1
DA:4136,1
DA:4138,1
DA:4139,1
DA:4140,1
DA:4147,1
DA:4154,1
DA:4155,1
DA:4156,1
DA:4157,1
DA:4160,1
DA:4161,0
DA:4163,1
DA:4200,0
DA:4202,0
DA:4203,0
DA:4205,0
DA:4207,0
DA:4208,0
DA:4209,0
DA:4210,0
DA:4211,0
DA:4213,0
DA:4215,0
DA:4216,0
DA:4217,0
DA:4218,0
DA:4219,0
DA:4220,0
DA:4221,0
DA:4222,0
DA:4223,0
DA:4225,0
DA:4226,0
DA:4227,0
DA:4228,0
DA:4229,0
DA:4233,0
DA:4234,0
DA:4235,0
DA:4236,0
DA:4237,0
DA:4238,0
DA:4239,0
DA:4241,0
DA:4243,0
DA:4244,0
DA:4246,0
DA:4247,0
DA:4249,0
DA:4250,0
DA:4252,0
DA:4253,0
DA:4254,0
DA:4258,0
DA:4260,0
DA:4262,0
DA:4263,0
DA:4264,0
DA:4265,0
DA:4266,0
DA:4267,0
DA:4268,0
DA:4269,0
DA:4270,0
DA:4272,0
DA:4273,0
DA:4274,0
DA:4275,0
DA:4280,0
DA:4281,0
DA:4283,0
DA:4286,0
DA:4289,1
DA:4290,0
DA:4293,1
DA:4296,0
DA:4297,0
DA:4298,0
DA:4299,0
DA:4300,0
DA:4301,0
DA:4302,0
DA:4304,0
DA:4305,0
DA:4306,0
DA:4307,0
DA:4308,0
DA:4310,0
DA:4314,0
DA:4317,0
DA:4318,0
DA:4319,0
DA:4320,0
DA:4321,0
DA:4322,0
DA:4323,0
DA:4324,0
DA:4325,0
DA:4326,0
DA:4327,0
DA:4328,0
DA:4329,0
DA:4332,0
DA:4333,0
DA:4335,0
DA:4336,0
DA:4337,0
DA:4338,0
DA:4340,0
DA:4344,0
DA:4353,0
DA:4354,0
DA:4355,0
DA:4356,0
DA:4357,0
DA:4358,0
DA:4361,0
DA:4362,0
DA:4364,0
DA:4365,0
DA:4366,0
DA:4367,0
DA:4368,0
DA:4369,0
DA:4370,0
DA:4371,0
DA:4373,0
DA:4375,0
DA:4376,0
DA:4377,0
DA:4378,0
DA:4379,0
DA:4381,1
DA:4387,0
DA:4388,0
DA:4393,0
DA:4399,0
DA:4400,0
DA:4402,0
DA:4404,0
DA:4405,0
DA:4406,0
DA:4407,0
DA:4408,0
DA:4409,0
DA:4410,0
DA:4411,0
DA:4412,0
DA:4413,0
DA:4414,0
DA:4418,0
DA:4419,0
DA:4420,0
DA:4421,0
DA:4422,0
DA:4423,0
DA:4427,0
DA:4428,0
DA:4429,0
DA:4430,0
DA:4432,1
DA:4464,0
DA:4465,0
DA:4466,0
DA:4467,0
DA:4470,0
DA:4471,0
DA:4478,0
DA:4479,0
DA:4480,0
DA:4482,0
DA:4484,0
DA:4485,0
DA:4486,0
DA:4488,0
DA:4489,0
DA:4497,0
DA:4498,0
DA:4499,0
DA:4500,0
DA:4507,0
DA:4509,0
DA:4510,0
DA:4511,0
DA:4512,0
DA:4513,0
DA:4514,0
DA:4519,0
DA:4520,0
DA:4526,0
DA:4527,0
DA:4534,0
DA:4549,1
DA:4550,1
DA:4551,1
DA:4552,1
DA:4553,1
DA:4554,1
DA:4555,1
DA:4556,1
DA:4557,1
DA:4558,1
DA:4559,1
DA:4560,1
DA:4561,1
DA:4562,1
DA:4563,1
DA:4564,1
DA:4565,1
DA:4566,1
DA:4567,1
DA:4568,1
DA:4569,1
DA:4570,1
DA:4571,1
DA:4572,1
DA:4573,1
DA:4574,1
DA:4575,1
DA:4576,1
DA:4577,1
DA:4578,1
DA:4579,1
DA:4580,1
DA:4581,1
DA:4582,1
DA:4583,1
DA:4584,1
LF:1914
LH:611
FN:157,158,_Sentinel.__repr__
FNDA:0,_Sentinel.__repr__
FN:165,168,_should_collect_from_parameters
FNDA:0,_should_collect_from_parameters
FN:222,223,_ExtensionsSpecialForm.__repr__
FNDA:0,_ExtensionsSpecialForm.__repr__
FN:266,267,IntVar
FNDA:0,IntVar
FN:529,538,_get_protocol_attrs
FNDA:1,_get_protocol_attrs
FN:541,545,_caller
FNDA:1,_caller
FN:866,878,_ensure_subclassable
FNDA:1,_ensure_subclassable
FN:867,877,_ensure_subclassable.inner
FNDA:1,_ensure_subclassable.inner
FN:887,891,SingletonMeta.__setattr__
FNDA:0,SingletonMeta.__setattr__
FN:1611,1613,_set_default
FNDA:1,_set_default
FN:1616,1620,_set_module
FNDA:0,_set_module
FN:1632,1633,_TypeVarLikeMeta.__instancecheck__
FNDA:0,_TypeVarLikeMeta.__instancecheck__
FN:1904,1914,_type_convert
FNDA:0,_type_convert
FN:1926,1929,_ConcatenateGenericAlias.__init__
FNDA:0,_ConcatenateGenericAlias.__init__
FN:1931,1934,_ConcatenateGenericAlias.__repr__
FNDA:0,_ConcatenateGenericAlias.__repr__
FN:1936,1937,_ConcatenateGenericAlias.__hash__
FNDA:0,_ConcatenateGenericAlias.__hash__
FN:1940,1941,_ConcatenateGenericAlias.__call__
FNDA:0,_ConcatenateGenericAlias.__call__
FN:1944,1947,_ConcatenateGenericAlias.__parameters__
FNDA:0,_ConcatenateGenericAlias.__parameters__
FN:1951,1959,_ConcatenateGenericAlias.copy_with
FNDA:0,_ConcatenateGenericAlias.copy_with
FN:1962,2036,_ConcatenateGenericAlias.__getitem__
FNDA:0,_ConcatenateGenericAlias.__getitem__
FN:2071,2091,_create_concatenate_alias
FNDA:0,_create_concatenate_alias
FN:2096,2107,_concatenate_getitem
FNDA:0,_concatenate_getitem
FN:2411,2414,_SpecialForm.__init__
FNDA:1,_SpecialForm.__init__
FN:2416,2420,_SpecialForm.__getattr__
FNDA:0,_SpecialForm.__getattr__
FN:2422,2423,_SpecialForm.__mro_entries__
FNDA:0,_SpecialForm.__mro_entries__
FN:2425,2426,_SpecialForm.__repr__
FNDA:0,_SpecialForm.__repr__
FN:2428,2429,_SpecialForm.__reduce__
FNDA:0,_SpecialForm.__reduce__
FN:2431,2432,_SpecialForm.__call__
FNDA:0,_SpecialForm.__call__
FN:2434,2435,_SpecialForm.__or__
FNDA:0,_SpecialForm.__or__
FN:2437,2438,_SpecialForm.__ror__
FNDA:0,_SpecialForm.__ror__
FN:2440,2441,_SpecialForm.__instancecheck__
FNDA:0,_SpecialForm.__instancecheck__
FN:2443,2444,_SpecialForm.__subclasscheck__
FNDA:0,_SpecialForm.__subclasscheck__
FN:2447,2448,_SpecialForm.__getitem__
FNDA:0,_SpecialForm.__getitem__
FN:2698,2699,_is_unpack
FNDA:0,_is_unpack
FN:2780,2788,_unpack_args
FNDA:0,_unpack_args
FN:3270,3273,_is_param_expr
FNDA:0,_is_param_expr
FN:3296,3347,_check_generic
FNDA:1,_check_generic
FN:3389,3405,_has_generic_or_protocol_as_origin
FNDA:1,_has_generic_or_protocol_as_origin
FN:3411,3419,_is_unpacked_typevartuple
FNDA:1,_is_unpacked_typevartuple
FN:3424,3470,_collect_type_vars
FNDA:1,_collect_type_vars
FNF:40
FNH:10
end_of_record
SF:python/solutions/euler001.py
DA:11,1
DA:24,1
DA:25,1
DA:26,1
DA:29,1
DA:31,0
DA:32,0
DA:33,0
DA:36,1
DA:37,0
LF:10
LH:6
FN:11,26,sum_multiples_of_3_and_5
FNDA:1,sum_multiples_of_3_and_5
FN:29,33,main
FNDA:0,main
FNF:2
FNH:1
end_of_record
SF:python/tests/test_euler001.py
DA:1,1
DA:2,1
DA:3,1
DA:5,1
DA:9,1
DA:12,1
DA:15,1
DA:18,1
DA:19,1
DA:20,1
DA:21,1
DA:24,1
DA:27,1
DA:30,1
DA:33,1
DA:34,1
LF:16
LH:16
FN:12,24,test_sum_multiples_of_3_and_5
FNDA:1,test_sum_multiples_of_3_and_5
FN:27,34,test_edge_cases
FNDA:1,test_edge_cases
FNF:2
FNH:2
end_of_record
